... logging to /home/tm333/.ros/log/358cf012-06cd-11e3-8907-dc85de529682/roslaunch-ubuntu-5445.log
Checking log directory for disk usage. This may take awhile.
Press Ctrl-C to interrupt
Done checking log file disk usage. Usage is <1GB.
]2;robot_pose_ekf.launch
[1mstarted roslaunch server http://ubuntu:50552/[0m

SUMMARY
========

PARAMETERS
 * /robot_pose_ekf/freq
 * /robot_pose_ekf/imu_used
 * /robot_pose_ekf/odom_used
 * /robot_pose_ekf/output_frame
 * /robot_pose_ekf/sensor_timeout
 * /robot_pose_ekf/vo_used
 * /rosdistro
 * /rosversion

NODES
  /
    robot_pose_ekf (robot_pose_ekf/robot_pose_ekf)

[1mROS_MASTER_URI=http://localhost:11311[0m
]2;robot_pose_ekf.launch http://localhost:11311
core service [/rosout] found
[1mprocess[robot_pose_ekf-1]: started with pid [5752][0m
[robot_pose_ekf-1] killing on exit
shutting down processing monitor...
... shutting down processing monitor complete
[1mdone[0m
