... logging to /home/tm333/.ros/log/358cf012-06cd-11e3-8907-dc85de529682/roslaunch-ubuntu-5973.log
Checking log directory for disk usage. This may take awhile.
Press Ctrl-C to interrupt
Done checking log file disk usage. Usage is <1GB.
]2;/opt/ros/groovy/share/rbx1/rbx1_nav/launch/gmapping.launch
[1mstarted roslaunch server http://ubuntu:47302/[0m

SUMMARY
========

PARAMETERS
 * /rosdistro
 * /rosversion
 * /slam_gmapping/angularUpdate
 * /slam_gmapping/astep
 * /slam_gmapping/delta
 * /slam_gmapping/iterations
 * /slam_gmapping/kernelSize
 * /slam_gmapping/lasamplerange
 * /slam_gmapping/lasamplestep
 * /slam_gmapping/linearUpdate
 * /slam_gmapping/llsamplerange
 * /slam_gmapping/llsamplestep
 * /slam_gmapping/lsigma
 * /slam_gmapping/lskip
 * /slam_gmapping/lstep
 * /slam_gmapping/map_update_interval
 * /slam_gmapping/maxRange
 * /slam_gmapping/maxUrange
 * /slam_gmapping/odom_frame
 * /slam_gmapping/ogain
 * /slam_gmapping/particles
 * /slam_gmapping/resampleThreshold
 * /slam_gmapping/sigma
 * /slam_[33m[ WARN] [1376697520.484477924]: Message from [/depthimage_to_laserscan] has a non-fully-qualified frame_id [camera_depth_frame]. Resolved locally to [/camera_depth_frame].  This is will likely not work in multi-robot systems.  This message will only print once.[0m
 -maxUrange 4.5 -maxUrange 5 -sigma     0.05 -kernelSize 1 -lstep 0.05 -lobsGain 3 -astep 0.05
 -srr 0.01 -srt 0.02 -str 0.01 -stt 0.02
 -linearUpdate 0.5 -angularUpdate 0.436 -resampleThreshold 0.5
 -xmin -1 -xmax 1 -ymin -1 -ymax 1 -delta 0.05 -particles 80
[0m[ INFO] [1376697520.849034741]: Initialization complete[0m
update frame 0
update ld=0 ad=0
m_count 0
Registering First Scan
gmapping/srr
 * /slam_gmapping/srt
 * /slam_gmapping/str
 * /slam_gmapping/stt
 * /slam_gmapping/temporalUpdate
 * /slam_gmapping/xmax
 * /slam_gmapping/xmin
 * /slam_gmapping/ymax
 * /slam_gmapping/ymin

NODES
  /
    slam_gmapping (gmapping/slam_gmapping)

[1mROS_MASTER_URI=http://localhost:11311[0m
]2;/opt/ros/groovy/share/rbx1/rbx1_nav/launch/gmapping.launch http://localhost:11311
core service [/rosout] found
[1mprocess[slam_gmapping-1]: started with pid [6002][0m
[slam_gmapping-1] killing on exit
shutting down processing monitor...
... shutting down processing monitor complete
[1mdone[0m
