... logging to /home/tm333/.ros/log/358cf012-06cd-11e3-8907-dc85de529682/roslaunch-ubuntu-5373.log
Checking log directory for disk usage. This may take awhile.
Press Ctrl-C to interrupt
Done checking log file disk usage. Usage is <1GB.
]2;/opt/ros/groovy/share/nxt/learning_nxt/robot.launch
[1mstarted roslaunch server http://ubuntu:35758/[0m

SUMMARY
========

PARAMETERS
 * /nxt_ros/nxt_robot
 * /rosdistro
 * /rosversion

NODES
  /
    nxt_ros (nxt_ros/nxt_ros.py)

[1mROS_MASTER_URI=http://localhost:11311[0m
]2;/opt/ros/groovy/share/nxt/learning_nxt/robot.launch http://localhost:11311
core service [/rosout] found
[1mprocess[nxt_ros-1]: started with pid [5440][0m
[1m[nxt_ros-1] process has died [pid 5440, exit code 1, cmd /opt/ros/groovy/share/nxt/nxt_ros/scripts/nxt_ros.py __name:=nxt_ros __log:=/home/tm333/.ros/log/358cf012-06cd-11e3-8907-dc85de529682/nxt_ros-1.log].
log file: /home/tm333/.ros/log/358cf012-06cd-11e3-8907-dc85de529682/nxt_ros-1*.log
respawning...[0m
[nxt_ros-1] restarting process
[1mprocess[nxt_ros-1]: started with pid [6417][0m
[nxt_ros-1] killing on exit
shutting down processing monitor...
... shutting down processing monitor complete
[1mdone[0m
