... logging to /home/tm333/.ros/log/358cf012-06cd-11e3-8907-dc85de529682/roslaunch-ubuntu-5362.log
Checking log directory for disk usage. This may take awhile.
Press Ctrl-C to interrupt
Done checking log file disk usage. Usage is <1GB.
]2;/opt/ros/groovy/share/rbx1/rbx1_bringup/launch/turtlebot_minimal_create.launch
[1mstarted roslaunch server http://ubuntu:53819/[0m

SUMMARY
========

PARAMETERS
 * /app_manager/interface_master
 * /cmd_vel_mux/yaml_cfg_file
 * /diagnostic_aggregator/analyzers/digital_io/path
 * /diagnostic_aggregator/analyzers/digital_io/startswith
 * /diagnostic_aggregator/analyzers/digital_io/timeout
 * /diagnostic_aggregator/analyzers/digital_io/type
 * /diagnostic_aggregator/analyzers/mode/path
 * /diagnostic_aggregator/analyzers/mode/startswith
 * /diagnostic_aggregator/analyzers/mode/timeout
 * /diagnostic_aggregator/analyzers/mode/type
 * /diagnostic_aggregator/analyzers/nodes/contains
 * /diagnostic_aggregator/analyzers/nodes/path
 * /diagnostic_aggregator/analyzers/nodes/timeout
 * /diagnostic_aggregator/analyzers/nodes/type
 * /diagnostic_aggregator/analyzers/power/path
 * /diagnostic_aggregator/analyzers/power/startswith
 * /diagnostic_aggregator/analyzers/power/timeout
 * /diagnostic_aggregator/analyzers/power/type
 * /diagnostic_aggregator/analyzers/sensors/path
 * /diagnostic_aggregator/analyzers/sensors/startswith
 * /diagnostic_aggregator/analyzers/sensors/timeout
 * /diagnostic_aggregator/analyzers/sensors/type
 * /diagnostic_aggregator/base_path
 * /diagnostic_aggregator/pub_rate
 * /robot/name
 * /robot/type
 * /robot_description
 * /robot_pose_ekf/freq
 * /robot_pose_ekf/imu_used
 * /robot_pose_ekf/odom_used
 * /robot_pose_ekf/output_frame
 * /robot_pose_ekf/publish_tf
 * /robot_pose_ekf/sensor_timeout
 * /robot_pose_ekf/vo_used
 * /robot_state_publisher/publish_frequency
 * /rosdistro
 * /rosversion
 * /turtlebot_laptop_battery/acpi_path
 * /turtlebot_node/bonus
 * /turtlebot_node/port
 * /turtlebot_node/update_rate
 * /use_sim_time
 * /zeroconf/zeroconf_avahi/services

NODES
  /zeroconf/
    zeroconf_avahi (zeroconf_avahi/zeroconf)
  /
    app_manager (turtlebot_app_manager/app_manager)
    appmaster (turtlebot_app_manager/appmaster)
    cmd_vel_mux (nodelet/nodelet)
    diagnostic_aggregator (diagnostic_aggregator/aggregator_node)
    kinect_breaker_enabler (create_node/kinect_breaker_enabler.py)
    mobile_base_nodelet_manager (nodelet/nodelet)
    robot_pose_ekf (robot_pose_ekf/robot_pose_ekf)
    robot_state_publisher (robot_state_publisher/robot_state_publisher)
    turtlebot_laptop_battery (linux_hardware/laptop_battery.py)
    turtlebot_node (create_node/turtlebot_node.py)

[1mROS_MASTER_URI=http://localhost:11311[0m
]2;/opt/ros/groovy/share/rbx1/rbx1_bringup/launch/turtlebot_minimal_create.launch http://localhost:11311
core service [/rosout] found
[1mprocess[robot_state_publisher-1]: started with pid [5391][0m
[1mprocess[diagnostic_aggregator-2]: started with pid [5421][0m
[1mprocess[zeroconf/zeroconf_avahi-3]: started with pid [5442][0m
[1mprocess[turtlebot_node-4]: started with pid [5479][0m
[1mprocess[kinect_breaker_enabler-5]: started with pid [5537][0m
[1mprocess[robot_pose_ekf-6]: started with pid [5548][0m
[1mprocess[mobile_base_nodelet_manager-7]: started with pid [5590][0m
[1mprocess[cmd_vel_mux-8]: started with pid [5695][0m
[1mprocess[turtlebot_laptop_battery-9]: started with pid [5751][0m
[1mprocess[appmaster-10]: started with pid [5809][0m
[1m[robot_pose_ekf-6] process has finished cleanly
log file: /home/tm333/.ros/log/358cf012-06cd-11e3-8907-dc85de529682/robot_pose_ekf-6*.log[0m
[1mprocess[app_manager-11]: started with pid [5823][0m
[1m[turtlebot_laptop_battery-9] process has finished cleanly
log file: /home/tm333/.ros/log/358cf012-06cd-11e3-8907-dc85de529682/turtlebot_laptop_battery-9*.log[0m
[app_manager-11] killing on exit
[appmaster-10] killing on exit
[cmd_vel_mux-8] killing on exit
[mobile_base_nodelet_manager-7] killing on exit
[kinect_breaker_enabler-5] killing on exit
[turtlebot_node-4] killing on exit
[zeroconf/zeroconf_avahi-3] killing on exit
[diagnostic_aggregator-2] killing on exit
[robot_state_publisher-1] killing on exit
shutting down processing monitor...
... shutting down processing monitor complete
[1mdone[0m
