... logging to /home/tm333/.ros/log/358cf012-06cd-11e3-8907-dc85de529682/roslaunch-ubuntu-4506.log
Checking log directory for disk usage. This may take awhile.
Press Ctrl-C to interrupt
Done checking log file disk usage. Usage is <1GB.
]2;/opt/ros/groovy/share/ccny_rgbd_tools/ccny_openni_launch/launch/openni.launch
[1mstarted roslaunch server http://ubuntu:44692/[0m

SUMMARY
========

PARAMETERS
 * /openni_driver/depth_camera_info_url
 * /openni_driver/depth_frame_id
 * /openni_driver/depth_mode
 * /openni_driver/device_id
 * /openni_driver/image_mode
 * /openni_driver/rgb_camera_info_url
 * /openni_driver/rgb_frame_id
 * /rgbd_image_proc/calib_path
 * /rgbd_image_proc/publish_cloud
 * /rgbd_image_proc/scale
 * /rgbd_image_proc/unwarp
 * /rgbd_image_proc/verbose
 * /rosdistro
 * /rosversion

NODES
  /
    camera_rgb_frame_tf (tf/static_transform_publisher)
    camera_rgb_optical_frame_tf (tf/static_transform_publisher)
    debayer (nodelet/nodelet)
    openni_driver (nodelet/nodelet)
    rgbd_image_proc ([0m[ INFO] [1376697502.001483923]: Initializing nodelet with 4 worker threads.[0m
[0m[ INFO] [1376697502.951840373]: Number devices connected: 1[0m
[0m[ INFO] [1376697502.952159573]: 1. device on bus 003:06 is a SensorV2 (2ae) from PrimeSense (45e) with serial id 'A00366905243052A'[0m
[0m[ INFO] [1376697502.954316615]: Searching for device with index = 1[0m
[0m[ INFO] [1376697502.963459001]: Opened 'SensorV2' on bus 3:6 with serial number 'A00366905243052A'[0m
[0m[ INFO] [1376697503.418307691]: Initializing RGBD Image Proc Nodelet[0m
[0m[ INFO] [1376697503.808514630]: Reading camera calibration files...[0m
[0m[ INFO] [1376697503.983552236]: rgb_frame_id = '/camera_rgb_optical_frame' [0m
[0m[ INFO] [1376697503.983614074]: depth_frame_id = '/camera_depth_optical_frame' [0m
[33m[ WARN] [1376697503.989314933]: [rgb_A00366905243052A] does not match name rgb in file /opt/ros/groovy/share/ccny_rgbd_tools/ccny_rgbd_data/calibration_openni_default/rgb.yml[0m
[33m[ WARN] [1376697503.990170827]: [depth_A00366905243052A] does not match name depth in file /opt/ros/groovy/share/ccny_rgbd_tools/ccny_rgbd_data/calibration_openni_default/depth.yml[0m
[0m[ INFO] [1376697504.437424006]: Resampling scale set to 1.00[0m
[0m[ INFO] [1376697508.894436074]: Initializing[0m
[0m[ INFO] [1376697508.894602169]: Initializing rectification maps[0m
[0m[ INFO] [1376697501.934091286]: Loading nodelet /openni_driver of type openni_camera/driver to manager rgbd_manager with the following remappings:[0m
[0m[ INFO] [1376697501.934188112]: /depth -> /camera/depth[0m
[0m[ INFO] [1376697501.934214196]: /ir -> /camera/ir[0m
[0m[ INFO] [1376697501.934234336]: /rgb -> /camera/rgb[0m
[0m[ INFO] [1376697501.937286241]: waitForService: Service [/rgbd_manager/load_nodelet] has not been advertised, waiting...[0m
[0m[ INFO] [1376697502.023279245]: waitForService: Service [/rgbd_manager/load_nodelet] is now available.[0m
[0m[ INFO] [1376697535.606415871]: Unloading nodelet /openni_driver from manager rgbd_manager[0m
nodelet/nodelet)
    rgbd_manager (nodelet/nodelet)

[1mROS_MASTER_URI=http://localhost:11311[0m
]2;/opt/ros/groovy/share/ccny_rgbd_tools/ccny_openni_launch/launch/openni.launch http://localhost:11311
core service [/rosout] found
[1mprocess[rgbd_manager-1]: started with pid [4524][0m
[1mprocess[openni_driver-2]: started with pid [4533][0m
[1mprocess[debayer-3]: started with pid [4558][0m
[1mprocess[rgbd_image_proc-4]: started with pid [4600][0m
[1mprocess[camera_rgb_frame_tf-5]: started with pid [4619][0m
[1mprocess[camera_rgb_optical_frame_tf-6]: started with pid [4644][0m
[camera_rgb_optical_frame_tf-6] killing on exit
[camera_rgb_frame_tf-5] killing on exit
[rgbd_image_proc-4] killing on exit
[debayer-3] killing on exit
[openni_driver-2] killing on exit
[rgbd_manager-1] killing on exit
shutting down processing monitor...
... shutting down processing monitor complete
[1mdone[0m
