... logging to /home/tm333/.ros/log/358cf012-06cd-11e3-8907-dc85de529682/roslaunch-ubuntu-5240.log
Checking log directory for disk usage. This may take awhile.
Press Ctrl-C to interrupt
Done checking log file disk usage. Usage is <1GB.
]2;/opt/ros/groovy/share/ccny_rgbd_tools/ccny_rgbd/launch/visual_odometry.launch
[1mstarted roslaunch server http://ubuntu:38296/[0m

SUMMARY
========

PARAMETERS
 * /rosdistro
 * /rosversion
 * /visual_odometry_node/base_frame
 * /visual_odometry_node/feature/GFT/min_distance
 * /visual_odometry_node/feature/GFT/n_features
 * /visual_odometry_node/feature/ORB/n_features
 * /visual_odometry_node/feature/ORB/threshold
 * /visual_odometry_node/feature/SURF/threshold
 * /visual_odometry_node/feature/detector_type
 * /visual_odometry_node/feature/max_range
 * /visual_odometry_node/feature/max_stdev
 * /visual_odometry_node/feature/publish_feature_cloud
 * /visual_odometry_node/feature/publish_feature_covariances
 * /visual_odometry_node/feature/show_keypoints
 * /visual_odometr[0m[ INFO] [1376697510.147238766]: Starting RGBD Visual Odometry[0m
[0m[ INFO] [1376697510.155557788]: Creating GFT detector[0m
No points in model: initializing from features.
[0m[ INFO] [1376697510.641806020]: [VO 1] GFT[385]: 18.6 Reg[385]: 0.6 TOT: 19.5
[0m
[0m[ INFO] [1376697510.668111875]: [VO 2] GFT[378]: 17.3 Reg[396]: 1.6 TOT: 19.0
[0m
[0m[ INFO] [1376697510.712178972]: [VO 3] GFT[344]: 25.3 Reg[402]: 1.8 TOT: 27.2
[0m
[0m[ INFO] [1376697510.738187446]: [VO 4] GFT[330]: 15.2 Reg[404]: 1.9 TOT: 17.3
[0m
[0m[ INFO] [1376697510.767149742]: [VO 5] GFT[363]: 18.7 Reg[409]: 2.4 TOT: 21.2
[0m
[0m[ INFO] [1376697510.801134905]: [VO 6] GFT[358]: 15.3 Reg[410]: 1.4 TOT: 17.2
[0m
[0m[ INFO] [1376697510.831536152]: [VO 7] GFT[339]: 15.2 Reg[412]: 1.1 TOT: 16.5
[0m
[0m[ INFO] [1376697510.869629753]: [VO 8] GFT[362]: 22.3 Reg[413]: 1.8 TOT: 24.3
[0m
[0m[ INFO] [1376697510.906637534]: [VO 9] GFT[328]: 20.1 Reg[415]: 1.6 TOT: 21.8
[0m
[0m[ INFO] [1376697510.938387987]: [VO 10] GFT[353]: 19.2 Reg[420]: 1.8 TOT: 21.1
[0m
[0m[ INFO] [1376697510.965431492]: [VO 11] GFT[322]: 14.5 Reg[421]: 1.4 TOT: 15.9
[0m
[0m[ INFO] [1376697511.007893348]: [VO 12] GFT[346]: 22.5 Reg[423]: 1.3 TOT: 23.9
[0m
[0m[ INFO] [1376697511.035244066]: [VO 13] GFT[400]: 18.8 Reg[427]: 1.7 TOT: 20.6
[0m
[0m[ INFO] [1376697511.071587012]: [VO 14] GFT[377]: 17.7 Reg[429]: 1.3 TOT: 19.1
[0m
[0m[ INFO] [1376697511.101425432]: [VO 15] GFT[400]: 20.2 Reg[432]: 1.4 TOT: 21.6
[0m
[0m[ INFO] [1376697511.136387714]: [VO 16] GFT[357]: 19.2 Reg[433]: 2.0 TOT: 21.3
[0m
[0m[ INFO] [1376697511.165819612]: [VO 17] GFT[329]: 16.4 Reg[433]: 1.6 TOT: 18.0
[0m
[0m[ INFO] [1376697511.207977444]: [VO 18] GFT[326]: 14.9 Reg[434]: 1.9 TOT: 17.0
[0m
[0m[ INFO] [1376697511.230731200]: [VO 19] GFT[358]: 15.7 Reg[437]: 1.4 TOT: 17.2
[0m
[0m[ INFO] [1376697511.267608021]: [VO 20] GFT[315]: 18.5 Reg[437]: 1.1 TOT: 19.7
[0m
[0m[ INFO] [1376697511.301518632]: [VO 21] GFT[329]: 17.3 Reg[440]: 1.2 TOT: 18.7
[0m
[0m[ INFO] [1376697511.330275881]: [VO 22] GFT[328]: 17.8 Reg[443]: 1.2 TOT: 19.0
[0m
[0m[ INFO] [1376697511.368175009]: [VO 23] GFT[367]: 19.7 Reg[443]: 1.2 TOT: 21.1
[0m
[0m[ INFO] [1376697511.400527306]: [VO 24] GFT[336]: 17.5 Reg[444]: 1.8 TOT: 19.5
[0m
[0m[ INFO] [1376697511.430201134]: [VO 25] GFT[337]: 16.5 Reg[445]: 1.2 TOT: 17.8
[0m
[0m[ INFO] [1376697511.469490007]: [VO 26] GFT[355]: 22.5 Reg[445]: 1.8 TOT: 24.5
[0m
[0m[ INFO] [1376697511.505947665]: [VO 27] GFT[347]: 20.7 Reg[446]: 1.2 TOT: 22.1
[0m
[0m[ INFO] [1376697511.537704219]: [VO 28] GFT[346]: 14.5 Reg[446]: 1.3 TOT: 16.1
[0m
[0m[ INFO] [1376697511.561522207]: [VO 29] GFT[328]: 14.3 Reg[446]: 1.1 TOT: 15.5
[0m
[0m[ INFO] [1376697511.598680261]: [VO 30] GFT[354]: 15.3 Reg[447]: 1.2 TOT: 16.7
[0m
[0m[ INFO] [1376697511.630123565]: [VO 31] GFT[393]: 16.5 Reg[449]: 1.4 TOT: 17.9
[0m
[0m[ INFO] [1376697511.665901016]: [VO 32] GFT[400]: 18.6 Reg[452]: 2.0 TOT: 20.6
[0m
[0m[ INFO] [1376697511.699876164]: [VO 33] GFT[354]: 18.3 Reg[452]: 1.8 TOT: 20.1
[0m
[0m[ INFO] [1376697511.731743300]: [VO 34] GFT[330]: 18.4 Reg[452]: 1.3 TOT: 19.8
[0m
[0m[ INFO] [1376697511.766760017]: [VO 35] GFT[352]: 18.4 Reg[452]: 1.8 TOT: 20.3
[0m
[0m[ INFO] [1376697511.799432433]: [VO 36] GFT[374]: 17.5 Reg[458]: 1.3 TOT: 18.9
[0m
[0m[ INFO] [1376697511.919944412]: [VO 37] GFT[352]: 14.9 Reg[458]: 1.2 TOT: 16.2
[0m
[0m[ INFO] [1376697511.939514095]: [VO 38] GFT[339]: 17.5 Reg[459]: 1.2 TOT: 18.8
[0m
[0m[ INFO] [1376697511.956275960]: [VO 39] GFT[345]: 14.2 Reg[459]: 1.2 TOT: 15.5
[0m
[0m[ INFO] [1376697511.972890555]: [VO 40] GFT[369]: 14.4 Reg[459]: 1.3 TOT: 15.9
[0m
[0m[ INFO] [1376697511.989928329]: [VO 41] GFT[361]: 13.8 Reg[461]: 1.7 TOT: 15.7
[0m
[0m[ INFO] [1376697512.007864741]: [VO 42] GFT[336]: 15.5 Reg[463]: 1.3 TOT: 16.9
[0m
[0m[ INFO] [1376697512.030987704]: [VO 43] GFT[355]: 15.3 Reg[463]: 2.0 TOT: 17.5
[0m
[0m[ INFO] [1376697512.064492227]: [VO 44] GFT[369]: 18.2 Reg[463]: 1.2 TOT: 19.5
[0m
[0m[ INFO] [1376697512.107998874]: [VO 45] GFT[339]: 24.4 Reg[464]: 1.9 TOT: 26.5
[0m
[0m[ INFO] [1376697512.143930251]: [VO 46] GFT[344]: 25.7 Reg[464]: 2.0 TOT: 27.9
[0m
[0m[ INFO] [1376697512.163762927]: [VO 47] GFT[357]: 15.8 Reg[466]: 1.2 TOT: 17.2
[0m
[0m[ INFO] [1376697512.210131001]: [VO 48] GFT[359]: 21.2 Reg[467]: 2.7 TOT: 24.1
[0m
[0m[ INFO] [1376697512.233725017]: [VO 49] GFT[317]: 16.9 Reg[469]: 1.1 TOT: 18.1
[0m
[0m[ INFO] [1376697512.268845221]: [VO 50] GFT[322]: 15.0 Reg[469]: 1.3 TOT: 16.4
[0m
[0m[ INFO] [1376697512.314755983]: [VO 51] GFT[355]: 18.3 Reg[470]: 1.9 TOT: 20.3
[0m
[0m[ INFO] [1376697512.339935118]: [VO 52] GFT[356]: 19.8 Reg[470]: 2.0 TOT: 21.9
[0m
[0m[ INFO] [1376697512.366769302]: [VO 53] GFT[335]: 18.3 Reg[471]: 1.8 TOT: 20.3
[0m
[0m[ INFO] [1376697512.398347917]: [VO 54] GFT[329]: 15.9 Reg[471]: 1.5 TOT: 17.5
[0m
[0m[ INFO] [1376697512.437496122]: [VO 55] GFT[351]: 19.8 Reg[472]: 2.0 TOT: 22.0
[0m
[0m[ INFO] [1376697512.466777361]: [VO 56] GFT[338]: 18.6 Reg[472]: 2.2 TOT: 20.9
[0m
[0m[ INFO] [1376697512.504884130]: [VO 57] GFT[315]: 22.2 Reg[472]: 1.9 TOT: 24.1
[0m
[0m[ INFO] [1376697512.533688379]: [VO 58] GFT[317]: 17.1 Reg[472]: 1.1 TOT: 18.3
[0m
[0m[ INFO] [1376697512.571504995]: [VO 59] GFT[397]: 17.2 Reg[476]: 2.4 TOT: 19.7
[0m
[0m[ INFO] [1376697512.603519323]: [VO 60] GFT[365]: 16.4 Reg[479]: 1.3 TOT: 17.9
[0m
[0m[ INFO] [1376697512.636230150]: [VO 61] GFT[352]: 16.2 Reg[480]: 1.3 TOT: 17.7
[0m
[0m[ INFO] [1376697512.663309163]: [VO 62] GFT[343]: 15.3 Reg[482]: 1.4 TOT: 16.8
[0m
[0m[ INFO] [1376697512.706678309]: [VO 63] GFT[361]: 19.6 Reg[483]: 1.8 TOT: 21.4
[0m
[0m[ INFO] [1376697512.743214464]: [VO 64] GFT[360]: 24.8 Reg[483]: 1.9 TOT: 26.9
[0m
[0m[ INFO] [1376697512.767405348]: [VO 65] GFT[376]: 18.9 Reg[483]: 2.0 TOT: 21.0
[0m
[0m[ INFO] [1376697512.802068263]: [VO 66] GFT[332]: 17.5 Reg[483]: 2.3 TOT: 19.9
[0m
[0m[ INFO] [1376697512.832835969]: [VO 67] GFT[399]: 15.6 Reg[487]: 2.4 TOT: 18.1
[0m
[0m[ INFO] [1376697512.866493356]: [VO 68] GFT[340]: 16.0 Reg[487]: 1.4 TOT: 17.4
[0m
[0m[ INFO] [1376697512.903291016]: [VO 69] GFT[400]: 15.9 Reg[488]: 1.4 TOT: 17.4
[0m
[0m[ INFO] [1376697512.936190046]: [VO 70] GFT[332]: 16.6 Reg[489]: 1.7 TOT: 18.5
[0m
[0m[ INFO] [1376697512.964091254]: [VO 71] GFT[353]: 15.6 Reg[489]: 1.2 TOT: 16.9
[0m
[0m[ INFO] [1376697513.001027151]: [VO 72] GFT[350]: 16.3 Reg[489]: 1.2 TOT: 17.6
[0m
[0m[ INFO] [1376697513.036512065]: [VO 73] GFT[359]: 17.8 Reg[489]: 1.2 TOT: 19.2
[0m
[0m[ INFO] [1376697513.070190539]: [VO 74] GFT[321]: 17.5 Reg[490]: 1.7 TOT: 19.4
[0m
[0m[ INFO] [1376697513.102303734]: [VO 75] GFT[325]: 16.1 Reg[490]: 1.8 TOT: 18.0
[0m
[0m[ INFO] [1376697513.138778026]: [VO 76] GFT[400]: 20.0 Reg[492]: 2.3 TOT: 22.4
[0m
[0m[ INFO] [1376697513.175272273]: [VO 77] GFT[400]: 19.0 Reg[493]: 2.4 TOT: 21.6
[0m
[0m[ INFO] [1376697513.205175727]: [VO 78] GFT[400]: 17.8 Reg[496]: 2.2 TOT: 20.2
[0m
[0m[ INFO] [1376697513.237922381]: [VO 79] GFT[358]: 18.5 Reg[496]: 2.3 TOT: 21.0
[0m
[0m[ INFO] [1376697513.269820400]: [VO 80] GFT[400]: 19.2 Reg[498]: 2.1 TOT: 21.3
[0m
[0m[ INFO] [1376697513.305866178]: [VO 81] GFT[345]: 18.9 Reg[498]: 2.2 TOT: 21.4
[0m
[0m[ INFO] [1376697513.343403963]: [VO 82] GFT[346]: 19.8 Reg[499]: 2.1 TOT: 22.1
[0m
[0m[ INFO] [1376697513.399163698]: [VO 83] GFT[371]: 19.7 Reg[499]: 2.0 TOT: 21.9
[0m
[0m[ INFO] [1376697513.424616938]: [VO 84] GFT[400]: 22.5 Reg[501]: 2.1 TOT: 24.8
[0m
[0m[ INFO] [1376697513.447975634]: [VO 85] GFT[351]: 19.9 Reg[502]: 2.4 TOT: 22.5
[0m
[0m[ INFO] [1376697513.470562812]: [VO 86] GFT[346]: 18.3 Reg[503]: 1.8 TOT: 20.3
[0m
[0m[ INFO] [1376697513.509443787]: [VO 87] GFT[358]: 24.8 Reg[505]: 1.9 TOT: 26.9
[0m
[0m[ INFO] [1376697513.547282899]: [VO 88] GFT[335]: 14.8 Reg[505]: 1.1 TOT: 16.0
[0m
[0m[ INFO] [1376697513.596991196]: [VO 89] GFT[400]: 15.4 Reg[506]: 1.4 TOT: 16.9
[0m
[0m[ INFO] [1376697513.652141216]: [VO 90] GFT[331]: 17.6 Reg[507]: 1.7 TOT: 19.4
[0m
[0m[ INFO] [1376697513.701696522]: [VO 91] GFT[400]: 15.8 Reg[508]: 2.3 TOT: 18.3
[0m
[0m[ INFO] [1376697513.746018846]: [VO 92] GFT[367]: 15.4 Reg[508]: 1.4 TOT: 17.0
[0m
[0m[ INFO] [1376697513.801515563]: [VO 93] GFT[400]: 14.5 Reg[509]: 1.7 TOT: 16.3
[0m
[0m[ INFO] [1376697513.849812744]: [VO 94] GFT[400]: 18.4 Reg[509]: 2.1 TOT: 20.6
[0m
[0m[ INFO] [1376697513.906189586]: [VO 95] GFT[357]: 15.8 Reg[510]: 1.9 TOT: 17.8
[0m
[0m[ INFO] [1376697513.968054054]: [VO 96] GFT[367]: 35.2 Reg[510]: 2.0 TOT: 37.4
[0m
[0m[ INFO] [1376697514.003180270]: [VO 97] GFT[363]: 25.4 Reg[510]: 3.1 TOT: 28.6
[0m
[0m[ INFO] [1376697514.029408087]: [VO 98] GFT[352]: 23.3 Reg[510]: 2.0 TOT: 25.4
[0m
[0m[ INFO] [1376697514.072049542]: [VO 99] GFT[333]: 18.7 Reg[512]: 2.1 TOT: 20.9
[0m
[0m[ INFO] [1376697514.144637664]: [VO 100] GFT[345]: 17.8 Reg[512]: 1.4 TOT: 19.4
[0m
[0m[ INFO] [1376697514.210722213]: [VO 101] GFT[353]: 23.3 Reg[512]: 3.7 TOT: 27.7
[0m
[0m[ INFO] [1376697514.295953988]: [VO 102] GFT[347]: 31.4 Reg[512]: 1.9 TOT: 33.5
[0m
[0m[ INFO] [1376697514.368967075]: [VO 103] GFT[376]: 30.1 Reg[514]: 8.0 TOT: 38.3
[0m
[0m[ INFO] [1376697514.416773195]: [VO 104] GFT[337]: 39.0 Reg[514]: 1.8 TOT: 41.0
[0m
[0m[ INFO] [1376697514.464936813]: [VO 105] GFT[351]: 28.2 Reg[514]: 1.8 TOT: 30.1
[0m
[0m[ INFO] [1376697514.572154395]: [VO 106] GFT[356]: 35.0 Reg[514]: 3.3 TOT: 38.5
[0m
[0m[ INFO] [1376697514.692139129]: [VO 107] GFT[329]: 53.3 Reg[514]: 2.4 TOT: 55.9
[0m
[0m[ INFO] [1376697514.753677254]: [VO 108] GFT[363]: 30.1 Reg[514]: 4.9 TOT: 35.2
[0m
[0m[ INFO] [1376697514.835368010]: [VO 109] GFT[400]: 56.4 Reg[514]: 2.0 TOT: 64.6
[0m
[0m[ INFO] [1376697514.885080781]: [VO 110] GFT[355]: 35.8 Reg[560]: 4.6 TOT: 40.7
[0m
[0m[ INFO] [1376697514.967100250]: [VO 111] GFT[316]: 50.8 Reg[560]: 4.3 TOT: 55.2
[0m
[0m[ INFO] [1376697514.988397724]: [VO 112] GFT[362]: 17.8 Reg[561]: 2.4 TOT: 20.4
[0m
[0m[ INFO] [1376697515.052642793]: [VO 113] GFT[360]: 37.5 Reg[561]: 1.9 TOT: 40.1
[0m
[0m[ INFO] [1376697515.106896347]: [VO 114] GFT[400]: 33.0 Reg[603]: 6.7 TOT: 40.0
[0m
[0m[ INFO] [1376697515.224733327]: [VO 115] GFT[382]: 33.0 Reg[607]: 12.7 TOT: 46.6
[0m
[0m[ INFO] [1376697515.318757212]: [VO 116] GFT[345]: 47.0 Reg[607]: 9.8 TOT: 57.0
[0m
[0m[ INFO] [1376697515.395121083]: [VO 117] GFT[362]: 19.0 Reg[608]: 5.3 TOT: 24.5
[0m
[0m[ INFO] [1376697515.472817768]: [VO 118] GFT[356]: 18.2 Reg[616]: 3.5 TOT: 22.0
[0m
[0m[ INFO] [1376697515.585508441]: [VO 119] GFT[355]: 35.1 Reg[616]: 7.0 TOT: 42.4
[0m
[0m[ INFO] [1376697515.707171456]: [VO 120] GFT[349]: 63.7 Reg[618]: 6.5 TOT: 71.1
[0m
[0m[ INFO] [1376697515.769025689]: [VO 121] GFT[356]: 27.4 Reg[619]: 7.9 TOT: 35.6
[0m
[0m[ INFO] [1376697515.839971211]: [VO 122] GFT[371]: 36.8 Reg[620]: 5.1 TOT: 42.2
[0m
[0m[ INFO] [1376697515.929030013]: [VO 123] GFT[400]: 41.7 Reg[621]: 2.2 TOT: 44.2
[0m
[0m[ INFO] [1376697515.980234207]: [VO 124] GFT[399]: 37.5 Reg[622]: 7.9 TOT: 45.6
[0m
[0m[ INFO] [1376697516.026855380]: [VO 125] GFT[400]: 22.9 Reg[623]: 3.2 TOT: 26.6
[0m
[0m[ INFO] [1376697516.066176439]: [VO 126] GFT[400]: 21.3 Reg[623]: 2.2 TOT: 23.9
[0m
[0m[ INFO] [1376697516.140988346]: [VO 127] GFT[400]: 19.2 Reg[625]: 3.4 TOT: 23.1
[0m
[0m[ INFO] [1376697516.191848763]: [VO 128] GFT[400]: 32.0 Reg[626]: 2.5 TOT: 35.0
[0m
[0m[ INFO] [1376697516.241828959]: [VO 129] GFT[400]: 32.5 Reg[628]: 3.9 TOT: 36.9
[0m
[0m[ INFO] [1376697516.269443749]: [VO 130] GFT[364]: 20.7 Reg[628]: 2.2 TOT: 23.2
[0m
[0m[ INFO] [1376697516.306320346]: [VO 131] GFT[352]: 27.8 Reg[629]: 2.0 TOT: 30.7
[0m
[0m[ INFO] [1376697516.341545303]: [VO 132] GFT[332]: 24.4 Reg[629]: 1.8 TOT: 27.0
[0m
[0m[ INFO] [1376697516.366409928]: [VO 133] GFT[377]: 21.2 Reg[629]: 2.5 TOT: 23.9
[0m
[0m[ INFO] [1376697516.391823221]: [VO 134] GFT[399]: 20.3 Reg[633]: 3.8 TOT: 24.4
[0m
[0m[ INFO] [1376697516.415732245]: [VO 135] GFT[400]: 20.7 Reg[635]: 2.3 TOT: 23.3
[0m
[0m[ INFO] [1376697516.444676649]: [VO 136] GFT[366]: 21.4 Reg[636]: 2.1 TOT: 23.8
[0m
[0m[ INFO] [1376697516.469148949]: [VO 137] GFT[370]: 20.1 Reg[636]: 1.3 TOT: 21.6
[0m
[0m[ INFO] [1376697516.495199568]: [VO 138] GFT[372]: 20.1 Reg[637]: 1.4 TOT: 21.6
[0m
[0m[ INFO] [1376697516.524715244]: [VO 139] GFT[359]: 20.4 Reg[637]: 2.0 TOT: 22.6
[0m
[0m[ INFO] [1376697516.555730341]: [VO 140] GFT[343]: 17.0 Reg[637]: 1.5 TOT: 18.7
[0m
[0m[ INFO] [1376697516.580326382]: [VO 141] GFT[364]: 16.7 Reg[638]: 1.4 TOT: 18.2
[0m
[0m[ INFO] [1376697516.613827617]: [VO 142] GFT[357]: 14.1 Reg[638]: 1.5 TOT: 15.7
[0m
[0m[ INFO] [1376697516.651588668]: [VO 143] GFT[371]: 18.8 Reg[639]: 2.5 TOT: 21.3
[0m
[0m[ INFO] [1376697516.684388421]: [VO 144] GFT[336]: 17.0 Reg[639]: 1.8 TOT: 18.9
[0m
[0m[ INFO] [1376697516.721384715]: [VO 145] GFT[346]: 17.4 Reg[640]: 2.3 TOT: 19.8
[0m
[0m[ INFO] [1376697516.754103906]: [VO 146] GFT[346]: 17.4 Reg[641]: 2.4 TOT: 20.0
[0m
[0m[ INFO] [1376697516.789977087]: [VO 147] GFT[358]: 19.7 Reg[641]: 2.1 TOT: 21.9
[0m
[0m[ INFO] [1376697516.834689509]: [VO 148] GFT[335]: 19.2 Reg[641]: 1.2 TOT: 20.5
[0m
[0m[ INFO] [1376697516.880165757]: [VO 149] GFT[400]: 15.7 Reg[643]: 1.6 TOT: 17.3
[0m
[0m[ INFO] [1376697516.932648831]: [VO 150] GFT[381]: 16.9 Reg[644]: 1.1 TOT: 18.1
[0m
[0m[ INFO] [1376697516.983857923]: [VO 151] GFT[336]: 18.3 Reg[644]: 1.9 TOT: 20.3
[0m
[0m[ INFO] [1376697517.033175217]: [VO 152] GFT[343]: 15.7 Reg[644]: 1.9 TOT: 17.7
[0m
[0m[ INFO] [1376697517.088490919]: [VO 153] GFT[333]: 17.6 Reg[645]: 1.8 TOT: 19.7
[0m
[0m[ INFO] [1376697517.142097192]: [VO 154] GFT[363]: 34.5 Reg[645]: 2.3 TOT: 36.9
[0m
[0m[ INFO] [1376697517.178652725]: [VO 155] GFT[336]: 19.8 Reg[645]: 1.9 TOT: 21.9
[0m
[0m[ INFO] [1376697517.203444497]: [VO 156] GFT[338]: 16.2 Reg[645]: 1.4 TOT: 17.8
[0m
[0m[ INFO] [1376697517.262047276]: [VO 157] GFT[342]: 39.2 Reg[645]: 1.3 TOT: 40.9
[0m
[0m[ INFO] [1376697517.284941384]: [VO 158] GFT[361]: 19.4 Reg[645]: 2.4 TOT: 22.1
[0m
[0m[ INFO] [1376697517.326419356]: [VO 159] GFT[358]: 23.9 Reg[645]: 2.2 TOT: 26.6
[0m
[0m[ INFO] [1376697517.389964931]: [VO 160] GFT[379]: 25.2 Reg[645]: 2.4 TOT: 27.7
[0m
[0m[ INFO] [1376697517.445634867]: [VO 161] GFT[341]: 17.3 Reg[645]: 2.0 TOT: 19.8
[0m
[0m[ INFO] [1376697517.481831554]: [VO 162] GFT[339]: 20.0 Reg[645]: 1.3 TOT: 21.5
[0m
[0m[ INFO] [1376697517.515664615]: [VO 163] GFT[333]: 27.4 Reg[645]: 1.4 TOT: 29.0
[0m
[0m[ INFO] [1376697517.537136527]: [VO 164] GFT[377]: 18.2 Reg[645]: 1.6 TOT: 20.0
[0m
[0m[ INFO] [1376697517.568617934]: [VO 165] GFT[348]: 18.6 Reg[645]: 2.2 TOT: 21.0
[0m
[0m[ INFO] [1376697517.601167410]: [VO 166] GFT[324]: 20.4 Reg[645]: 2.1 TOT: 22.8
[0m
[0m[ INFO] [1376697517.627484188]: [VO 167] GFT[339]: 20.7 Reg[647]: 2.2 TOT: 23.2
[0m
[0m[ INFO] [1376697517.661491024]: [VO 168] GFT[345]: 20.4 Reg[647]: 2.4 TOT: 24.5
[0m
[0m[ INFO] [1376697517.698910449]: [VO 169] GFT[351]: 26.7 Reg[647]: 2.7 TOT: 29.4
[0m
[0m[ INFO] [1376697517.726555101]: [VO 170] GFT[347]: 23.1 Reg[647]: 2.2 TOT: 25.6
[0m
[0m[ INFO] [1376697517.748975978]: [VO 171] GFT[351]: 19.5 Reg[647]: 1.4 TOT: 21.1
[0m
[0m[ INFO] [1376697517.775570112]: [VO 172] GFT[342]: 19.5 Reg[647]: 2.0 TOT: 21.8
[0m
[0m[ INFO] [1376697517.810757231]: [VO 173] GFT[358]: 22.0 Reg[648]: 3.3 TOT: 25.5
[0m
[0m[ INFO] [1376697517.840546453]: [VO 174] GFT[323]: 25.2 Reg[648]: 2.0 TOT: 27.3
[0m
[0m[ INFO] [1376697517.869096432]: [VO 175] GFT[326]: 25.3 Reg[648]: 2.1 TOT: 27.7
[0m
[0m[ INFO] [1376697517.896394109]: [VO 176] GFT[345]: 21.9 Reg[648]: 2.2 TOT: 24.3
[0m
[0m[ INFO] [1376697517.922231226]: [VO 177] GFT[336]: 17.4 Reg[648]: 2.3 TOT: 19.9
[0m
[0m[ INFO] [1376697517.953634440]: [VO 178] GFT[329]: 16.2 Reg[648]: 2.6 TOT: 18.9
[0m
[0m[ INFO] [1376697517.992482672]: [VO 179] GFT[358]: 20.2 Reg[648]: 2.9 TOT: 23.2
[0m
[0m[ INFO] [1376697518.018814279]: [VO 180] GFT[313]: 17.3 Reg[648]: 1.7 TOT: 19.2
[0m
[0m[ INFO] [1376697518.056246051]: [VO 181] GFT[347]: 17.2 Reg[648]: 1.9 TOT: 19.5
[0m
[0m[ INFO] [1376697518.091667899]: [VO 182] GFT[328]: 17.8 Reg[648]: 2.5 TOT: 20.5
[0m
[0m[ INFO] [1376697518.148351666]: [VO 183] GFT[400]: 31.3 Reg[648]: 2.7 TOT: 34.2
[0m
[0m[ INFO] [1376697518.186545712]: [VO 184] GFT[354]: 33.0 Reg[648]: 2.8 TOT: 36.2
[0m
[0m[ INFO] [1376697518.217237108]: [VO 185] GFT[353]: 26.9 Reg[648]: 1.9 TOT: 29.2
[0m
[0m[ INFO] [1376697518.243893870]: [VO 186] GFT[374]: 21.2 Reg[648]: 2.2 TOT: 23.6
[0m
[0m[ INFO] [1376697518.288582218]: [VO 187] GFT[366]: 34.8 Reg[648]: 2.1 TOT: 37.0
[0m
[0m[ INFO] [1376697518.318664317]: [VO 188] GFT[363]: 26.4 Reg[648]: 2.2 TOT: 29.0
[0m
[0m[ INFO] [1376697518.344773795]: [VO 189] GFT[338]: 23.4 Reg[648]: 1.5 TOT: 25.1
[0m
[0m[ INFO] [1376697518.376227830]: [VO 190] GFT[373]: 27.3 Reg[648]: 2.0 TOT: 29.6
[0m
[0m[ INFO] [1376697518.401719912]: [VO 191] GFT[400]: 21.8 Reg[649]: 2.3 TOT: 24.4
[0m
[0m[ INFO] [1376697518.429654334]: [VO 192] GFT[369]: 19.6 Reg[650]: 2.2 TOT: 22.2
[0m
[0m[ INFO] [1376697518.462126170]: [VO 193] GFT[337]: 20.3 Reg[650]: 2.2 TOT: 22.6
[0m
[0m[ INFO] [1376697518.498260602]: [VO 194] GFT[333]: 23.5 Reg[650]: 2.3 TOT: 26.1
[0m
[0m[ INFO] [1376697518.543215831]: [VO 195] GFT[317]: 34.8 Reg[650]: 2.1 TOT: 37.2
[0m
[0m[ INFO] [1376697518.575288767]: [VO 196] GFT[324]: 23.9 Reg[650]: 2.0 TOT: 26.2
[0m
[0m[ INFO] [1376697518.618876624]: [VO 197] GFT[361]: 19.8 Reg[650]: 2.1 TOT: 22.1
[0m
[0m[ INFO] [1376697518.658970851]: [VO 198] GFT[400]: 19.1 Reg[654]: 2.6 TOT: 22.1
[0m
[0m[ INFO] [1376697518.709039680]: [VO 199] GFT[333]: 18.4 Reg[654]: 1.9 TOT: 20.8
[0m
[0m[ INFO] [1376697518.755710527]: [VO 200] GFT[358]: 30.0 Reg[654]: 2.2 TOT: 32.5
[0m
[0m[ INFO] [1376697518.799853525]: [VO 201] GFT[400]: 31.5 Reg[654]: 2.2 TOT: 34.2
[0m
[0m[ INFO] [1376697518.833590545]: [VO 202] GFT[358]: 22.0 Reg[655]: 2.1 TOT: 24.4
[0m
[0m[ INFO] [1376697518.874915273]: [VO 203] GFT[358]: 21.0 Reg[655]: 2.2 TOT: 23.6
[0m
[0m[ INFO] [1376697518.919128835]: [VO 204] GFT[400]: 18.5 Reg[655]: 2.0 TOT: 20.9
[0m
[0m[ INFO] [1376697518.975611210]: [VO 205] GFT[332]: 16.6 Reg[655]: 1.9 TOT: 18.8
[0m
[0m[ INFO] [1376697519.022604194]: [VO 206] GFT[325]: 18.4 Reg[655]: 2.0 TOT: 20.9
[0m
[0m[ INFO] [1376697519.076529309]: [VO 207] GFT[342]: 27.4 Reg[655]: 2.1 TOT: 29.8
[0m
[0m[ INFO] [1376697519.117047472]: [VO 208] GFT[400]: 25.9 Reg[656]: 6.1 TOT: 32.4
[0m
[0m[ INFO] [1376697519.180609709]: [VO 209] GFT[400]: 31.2 Reg[656]: 2.5 TOT: 33.9
[0m
[0m[ INFO] [1376697519.215345726]: [VO 210] GFT[400]: 28.5 Reg[658]: 2.5 TOT: 31.3
[0m
[0m[ INFO] [1376697519.272599467]: [VO 211] GFT[400]: 23.6 Reg[658]: 2.3 TOT: 26.3
[0m
[0m[ INFO] [1376697519.322978721]: [VO 212] GFT[400]: 20.7 Reg[658]: 2.5 TOT: 23.5
[0m
[0m[ INFO] [1376697519.368651952]: [VO 213] GFT[400]: 23.0 Reg[659]: 3.2 TOT: 26.6
[0m
[0m[ INFO] [1376697519.408491264]: [VO 214] GFT[350]: 25.4 Reg[659]: 2.7 TOT: 28.3
[0m
[0m[ INFO] [1376697519.468502584]: [VO 215] GFT[344]: 32.1 Reg[661]: 2.3 TOT: 34.7
[0m
[0m[ INFO] [1376697519.507184384]: [VO 216] GFT[323]: 34.2 Reg[661]: 2.7 TOT: 37.6
[0m
[0m[ INFO] [1376697519.539797839]: [VO 217] GFT[400]: 22.0 Reg[663]: 5.0 TOT: 27.3
[0m
[0m[ INFO] [1376697519.610164092]: [VO 218] GFT[399]: 39.0 Reg[670]: 3.3 TOT: 42.6
[0m
[0m[ INFO] [1376697519.654287990]: [VO 219] GFT[394]: 38.9 Reg[671]: 2.5 TOT: 41.9
[0m
[0m[ INFO] [1376697519.683806466]: [VO 220] GFT[341]: 25.7 Reg[671]: 2.3 TOT: 28.3
[0m
[0m[ INFO] [1376697519.754289274]: [VO 221] GFT[359]: 37.7 Reg[680]: 9.3 TOT: 47.4
[0m
[0m[ INFO] [1376697519.780450469]: [VO 222] GFT[367]: 19.0 Reg[688]: 5.9 TOT: 25.1
[0m
[0m[ INFO] [1376697519.832171077]: [VO 223] GFT[350]: 23.4 Reg[688]: 2.8 TOT: 26.3
[0m
[0m[ INFO] [1376697519.876332523]: [VO 224] GFT[381]: 22.4 Reg[688]: 3.0 TOT: 25.7
[0m
[0m[ INFO] [1376697519.902098386]: [VO 225] GFT[400]: 21.6 Reg[689]: 2.4 TOT: 24.3
[0m
[0m[ INFO] [1376697519.939315114]: [VO 226] GFT[361]: 21.3 Reg[689]: 2.7 TOT: 24.5
[0m
[0m[ INFO] [1376697519.989505418]: [VO 227] GFT[348]: 19.1 Reg[689]: 2.2 TOT: 21.6
[0m
[0m[ INFO] [1376697520.033420147]: [VO 228] GFT[400]: 24.5 Reg[689]: 2.3 TOT: 27.4
[0m
[0m[ INFO] [1376697520.060332377]: [VO 229] GFT[400]: 20.4 Reg[690]: 2.3 TOT: 23.1
[0m
[0m[ INFO] [1376697520.092132571]: [VO 230] GFT[358]: 20.9 Reg[690]: 2.1 TOT: 23.3
[0m
[0m[ INFO] [1376697520.116688164]: [VO 231] GFT[359]: 15.7 Reg[690]: 1.4 TOT: 17.3
[0m
[0m[ INFO] [1376697520.154238354]: [VO 232] GFT[345]: 21.4 Reg[691]: 2.2 TOT: 23.7
[0m
[0m[ INFO] [1376697520.185239724]: [VO 233] GFT[364]: 21.1 Reg[691]: 2.0 TOT: 23.5
[0m
[0m[ INFO] [1376697520.204911885]: [VO 234] GFT[400]: 15.7 Reg[691]: 1.6 TOT: 17.4
[0m
[0m[ INFO] [1376697520.234044874]: [VO 235] GFT[356]: 19.6 Reg[692]: 2.0 TOT: 21.7
[0m
[0m[ INFO] [1376697520.263948331]: [VO 236] GFT[400]: 17.6 Reg[693]: 2.2 TOT: 20.0
[0m
[0m[ INFO] [1376697520.284456798]: [VO 237] GFT[333]: 15.5 Reg[693]: 1.3 TOT: 17.0
[0m
[0m[ INFO] [1376697520.333504132]: [VO 238] GFT[345]: 20.6 Reg[693]: 2.8 TOT: 23.8
[0m
[0m[ INFO] [1376697520.375209746]: [VO 239] GFT[345]: 24.3 Reg[693]: 1.9 TOT: 26.3
[0m
[0m[ INFO] [1376697520.393883959]: [VO 240] GFT[345]: 15.2 Reg[693]: 1.6 TOT: 16.9
[0m
[0m[ INFO] [1376697520.420300266]: [VO 241] GFT[319]: 15.6 Reg[693]: 1.3 TOT: 16.9
[0m
[0m[ INFO] [1376697520.449362035]: [VO 242] GFT[350]: 16.5 Reg[693]: 1.3 TOT: 18.0
[0m
[0m[ INFO] [1376697520.471144651]: [VO 243] GFT[400]: 17.8 Reg[693]: 1.5 TOT: 19.4
[0m
[0m[ INFO] [1376697520.498472851]: [VO 244] GFT[400]: 16.6 Reg[694]: 2.3 TOT: 19.6
[0m
[0m[ INFO] [1376697520.532173594]: [VO 245] GFT[355]: 20.6 Reg[694]: 6.3 TOT: 27.3
[0m
[0m[ INFO] [1376697520.559614724]: [VO 246] GFT[315]: 18.7 Reg[694]: 2.1 TOT: 21.5
[0m
[0m[ INFO] [1376697520.585247740]: [VO 247] GFT[400]: 14.5 Reg[695]: 1.8 TOT: 16.3
[0m
[0m[ INFO] [1376697520.625129442]: [VO 248] GFT[361]: 18.8 Reg[695]: 1.4 TOT: 20.4
[0m
[0m[ INFO] [1376697520.665501143]: [VO 249] GFT[334]: 25.5 Reg[695]: 1.8 TOT: 27.4
[0m
[0m[ INFO] [1376697520.696970692]: [VO 250] GFT[350]: 16.6 Reg[695]: 1.5 TOT: 18.4
[0m
[0m[ INFO] [1376697520.721869316]: [VO 251] GFT[367]: 15.5 Reg[696]: 1.5 TOT: 17.1
[0m
[0m[ INFO] [1376697520.759817156]: [VO 252] GFT[400]: 17.2 Reg[697]: 2.4 TOT: 20.4
[0m
[0m[ INFO] [1376697520.789807879]: [VO 253] GFT[400]: 15.7 Reg[698]: 1.5 TOT: 17.4
[0m
[0m[ INFO] [1376697520.821470442]: [VO 254] GFT[355]: 15.9 Reg[698]: 1.4 TOT: 17.4
[0m
[0m[ INFO] [1376697520.865591453]: [VO 255] GFT[400]: 24.0 Reg[698]: 2.8 TOT: 26.9
[0m
[0m[ INFO] [1376697520.894075331]: [VO 256] GFT[400]: 19.0 Reg[698]: 1.6 TOT: 20.7
[0m
[0m[ INFO] [1376697520.930855891]: [VO 257] GFT[353]: 19.1 Reg[698]: 1.4 TOT: 20.8
[0m
[0m[ INFO] [1376697520.957331013]: [VO 258] GFT[400]: 18.5 Reg[698]: 1.5 TOT: 20.2
[0m
[0m[ INFO] [1376697520.996523348]: [VO 259] GFT[361]: 23.1 Reg[699]: 2.3 TOT: 26.1
[0m
[0m[ INFO] [1376697521.031338679]: [VO 260] GFT[340]: 22.0 Reg[699]: 3.2 TOT: 25.4
[0m
[0m[ INFO] [1376697521.061376623]: [VO 261] GFT[395]: 19.9 Reg[700]: 2.4 TOT: 22.4
[0m
[0m[ INFO] [1376697521.104001817]: [VO 262] GFT[324]: 25.0 Reg[700]: 2.2 TOT: 27.5
[0m
[0m[ INFO] [1376697521.132690575]: [VO 263] GFT[372]: 20.2 Reg[700]: 2.7 TOT: 23.0
[0m
[0m[ INFO] [1376697521.156436852]: [VO 264] GFT[361]: 16.5 Reg[700]: 2.1 TOT: 18.7
[0m
[0m[ INFO] [1376697521.190073180]: [VO 265] GFT[327]: 14.8 Reg[700]: 1.3 TOT: 16.2
[0m
[0m[ INFO] [1376697521.224304878]: [VO 266] GFT[311]: 16.7 Reg[700]: 1.8 TOT: 18.6
[0m
[0m[ INFO] [1376697521.264841499]: [VO 267] GFT[355]: 23.0 Reg[702]: 4.5 TOT: 27.7
[0m
[0m[ INFO] [1376697521.299997992]: [VO 268] GFT[343]: 18.2 Reg[702]: 5.9 TOT: 24.2
[0m
[0m[ INFO] [1376697521.326568306]: [VO 269] GFT[348]: 17.7 Reg[702]: 2.1 TOT: 20.0
[0m
[0m[ INFO] [1376697521.359167640]: [VO 270] GFT[318]: 18.5 Reg[702]: 1.2 TOT: 19.8
[0m
[0m[ INFO] [1376697521.404882830]: [VO 271] GFT[373]: 24.4 Reg[703]: 2.0 TOT: 26.6
[0m
[0m[ INFO] [1376697521.429218513]: [VO 272] GFT[344]: 18.1 Reg[704]: 2.4 TOT: 20.7
[0m
[0m[ INFO] [1376697521.452582649]: [VO 273] GFT[355]: 14.0 Reg[704]: 2.9 TOT: 16.9
[0m
[0m[ INFO] [1376697521.491877767]: [VO 274] GFT[389]: 17.6 Reg[704]: 3.4 TOT: 21.1
[0m
[0m[ INFO] [1376697521.522594053]: [VO 275] GFT[319]: 16.2 Reg[704]: 1.2 TOT: 17.6
[0m
[0m[ INFO] [1376697521.559752532]: [VO 276] GFT[347]: 17.7 Reg[707]: 3.7 TOT: 21.4
[0m
[0m[ INFO] [1376697521.595749642]: [VO 277] GFT[343]: 21.4 Reg[707]: 3.0 TOT: 24.6
[0m
[0m[ INFO] [1376697521.622611775]: [VO 278] GFT[355]: 16.9 Reg[707]: 1.3 TOT: 18.3
[0m
[0m[ INFO] [1376697521.664866036]: [VO 279] GFT[367]: 26.2 Reg[707]: 1.7 TOT: 28.0
[0m
[0m[ INFO] [1376697521.696798250]: [VO 280] GFT[374]: 19.1 Reg[707]: 2.1 TOT: 21.3
[0m
[0m[ INFO] [1376697521.729629679]: [VO 281] GFT[339]: 20.0 Reg[708]: 1.5 TOT: 21.5
[0m
[0m[ INFO] [1376697521.753203676]: [VO 282] GFT[340]: 14.3 Reg[708]: 1.4 TOT: 15.9
[0m
[0m[ INFO] [1376697521.793502825]: [VO 283] GFT[364]: 19.3 Reg[709]: 2.6 TOT: 22.0
[0m
[0m[ INFO] [1376697521.821389354]: [VO 284] GFT[356]: 14.5 Reg[709]: 1.6 TOT: 16.2
[0m
[0m[ INFO] [1376697521.862089665]: [VO 285] GFT[356]: 21.5 Reg[709]: 2.2 TOT: 23.8
[0m
[0m[ INFO] [1376697521.893718834]: [VO 286] GFT[400]: 14.4 Reg[709]: 1.8 TOT: 16.3
[0m
[0m[ INFO] [1376697521.928105965]: [VO 287] GFT[335]: 21.2 Reg[709]: 1.3 TOT: 22.5
[0m
[0m[ INFO] [1376697521.955505567]: [VO 288] GFT[349]: 14.1 Reg[709]: 1.5 TOT: 15.8
[0m
[0m[ INFO] [1376697521.991628290]: [VO 289] GFT[352]: 19.0 Reg[709]: 1.7 TOT: 20.8
[0m
[0m[ INFO] [1376697522.020066120]: [VO 290] GFT[390]: 14.5 Reg[711]: 2.3 TOT: 16.9
[0m
[0m[ INFO] [1376697522.080291120]: [VO 291] GFT[355]: 31.0 Reg[711]: 2.2 TOT: 33.4
[0m
[0m[ INFO] [1376697522.121615777]: [VO 292] GFT[345]: 24.5 Reg[711]: 2.2 TOT: 26.8
[0m
[0m[ INFO] [1376697522.155154250]: [VO 293] GFT[343]: 19.5 Reg[711]: 2.4 TOT: 25.5
[0m
[0m[ INFO] [1376697522.184718522]: [VO 294] GFT[316]: 16.4 Reg[711]: 2.1 TOT: 18.6
[0m
[0m[ INFO] [1376697522.228686785]: [VO 295] GFT[356]: 17.6 Reg[711]: 2.1 TOT: 20.1
[0m
[0m[ INFO] [1376697522.265108369]: [VO 296] GFT[353]: 19.6 Reg[711]: 2.0 TOT: 22.1
[0m
[0m[ INFO] [1376697522.301468562]: [VO 297] GFT[370]: 20.9 Reg[711]: 1.5 TOT: 22.5
[0m
[0m[ INFO] [1376697522.331859315]: [VO 298] GFT[327]: 16.0 Reg[721]: 3.3 TOT: 19.4
[0m
[0m[ INFO] [1376697522.368945974]: [VO 299] GFT[356]: 25.2 Reg[721]: 3.6 TOT: 28.9
[0m
[0m[ INFO] [1376697522.395186040]: [VO 300] GFT[332]: 18.4 Reg[721]: 2.6 TOT: 21.1
[0m
[0m[ INFO] [1376697522.431845949]: [VO 301] GFT[342]: 23.2 Reg[721]: 2.1 TOT: 25.4
[0m
[0m[ INFO] [1376697522.460161786]: [VO 302] GFT[367]: 14.6 Reg[721]: 1.7 TOT: 16.4
[0m
[0m[ INFO] [1376697522.498321166]: [VO 303] GFT[361]: 24.7 Reg[721]: 1.7 TOT: 27.1
[0m
[0m[ INFO] [1376697522.527067664]: [VO 304] GFT[354]: 15.1 Reg[721]: 1.5 TOT: 16.7
[0m
[0m[ INFO] [1376697522.567562133]: [VO 305] GFT[341]: 24.9 Reg[721]: 2.2 TOT: 27.2
[0m
[0m[ INFO] [1376697522.598724487]: [VO 306] GFT[377]: 22.0 Reg[722]: 2.1 TOT: 24.2
[0m
[0m[ INFO] [1376697522.625098239]: [VO 307] GFT[352]: 15.1 Reg[722]: 2.3 TOT: 17.5
[0m
[0m[ INFO] [1376697522.668025942]: [VO 308] GFT[344]: 23.1 Reg[722]: 1.9 TOT: 25.2
[0m
[0m[ INFO] [1376697522.703386426]: [VO 309] GFT[379]: 20.0 Reg[722]: 2.2 TOT: 22.4
[0m
[0m[ INFO] [1376697522.724923634]: [VO 310] GFT[360]: 15.1 Reg[723]: 1.4 TOT: 16.6
[0m
[0m[ INFO] [1376697522.763860593]: [VO 311] GFT[336]: 21.5 Reg[723]: 1.9 TOT: 23.6
[0m
[0m[ INFO] [1376697522.795121104]: [VO 312] GFT[336]: 18.8 Reg[723]: 1.3 TOT: 20.4
[0m
[0m[ INFO] [1376697522.826479548]: [VO 313] GFT[353]: 15.1 Reg[728]: 3.8 TOT: 19.0
[0m
[0m[ INFO] [1376697522.867134301]: [VO 314] GFT[309]: 19.1 Reg[735]: 2.4 TOT: 21.8
[0m
[0m[ INFO] [1376697522.892182602]: [VO 315] GFT[348]: 16.0 Reg[735]: 3.1 TOT: 19.2
[0m
[0m[ INFO] [1376697522.922569448]: [VO 316] GFT[346]: 15.0 Reg[735]: 1.3 TOT: 16.5
[0m
[0m[ INFO] [1376697522.970876447]: [VO 317] GFT[335]: 25.8 Reg[735]: 2.3 TOT: 28.2
[0m
[0m[ INFO] [1376697522.993377520]: [VO 318] GFT[365]: 16.5 Reg[735]: 1.5 TOT: 18.2
[0m
[0m[ INFO] [1376697523.022531724]: [VO 319] GFT[335]: 15.8 Reg[735]: 1.3 TOT: 17.2
[0m
[0m[ INFO] [1376697523.067371262]: [VO 320] GFT[337]: 22.0 Reg[735]: 2.7 TOT: 24.8
[0m
[0m[ INFO] [1376697523.105543787]: [VO 321] GFT[330]: 23.2 Reg[735]: 2.3 TOT: 25.5
[0m
[0m[ INFO] [1376697523.137750882]: [VO 322] GFT[371]: 22.0 Reg[735]: 2.3 TOT: 24.4
[0m
[0m[ INFO] [1376697523.166517326]: [VO 323] GFT[353]: 19.2 Reg[735]: 2.2 TOT: 21.9
[0m
[0m[ INFO] [1376697523.192720497]: [VO 324] GFT[361]: 15.5 Reg[735]: 2.1 TOT: 17.7
[0m
[0m[ INFO] [1376697523.278216737]: [VO 325] GFT[356]: 20.5 Reg[735]: 1.7 TOT: 22.2
[0m
[0m[ INFO] [1376697523.297967731]: [VO 326] GFT[353]: 16.8 Reg[735]: 1.7 TOT: 18.6
[0m
[0m[ INFO] [1376697523.320074289]: [VO 327] GFT[355]: 17.4 Reg[735]: 2.1 TOT: 19.7
[0m
[0m[ INFO] [1376697523.344557991]: [VO 328] GFT[334]: 22.1 Reg[735]: 1.9 TOT: 24.1
[0m
[0m[ INFO] [1376697523.367933118]: [VO 329] GFT[338]: 20.0 Reg[735]: 2.3 TOT: 22.4
[0m
[0m[ INFO] [1376697523.393106487]: [VO 330] GFT[346]: 16.9 Reg[735]: 2.2 TOT: 19.2
[0m
[0m[ INFO] [1376697523.427525057]: [VO 331] GFT[355]: 17.0 Reg[735]: 2.1 TOT: 19.2
[0m
[0m[ INFO] [1376697523.462164404]: [VO 332] GFT[362]: 18.3 Reg[735]: 2.2 TOT: 20.8
[0m
[0m[ INFO] [1376697523.492136700]: [VO 333] GFT[355]: 16.5 Reg[735]: 2.9 TOT: 19.6
[0m
[0m[ INFO] [1376697523.539622518]: [VO 334] GFT[321]: 30.5 Reg[735]: 1.2 TOT: 31.8
[0m
[0m[ INFO] [1376697523.567280831]: [VO 335] GFT[341]: 17.9 Reg[735]: 2.2 TOT: 20.2
[0m
[0m[ INFO] [1376697523.592036154]: [VO 336] GFT[335]: 15.2 Reg[735]: 2.6 TOT: 18.1
[0m
[0m[ INFO] [1376697523.639155433]: [VO 337] GFT[353]: 25.1 Reg[735]: 2.3 TOT: 27.7
[0m
[0m[ INFO] [1376697523.661399733]: [VO 338] GFT[331]: 16.3 Reg[735]: 1.4 TOT: 18.1
[0m
[0m[ INFO] [1376697523.700855598]: [VO 339] GFT[347]: 23.5 Reg[735]: 2.2 TOT: 25.8
[0m
[0m[ INFO] [1376697523.731164049]: [VO 340] GFT[363]: 18.8 Reg[738]: 2.9 TOT: 21.8
[0m
[0m[ INFO] [1376697523.760908581]: [VO 341] GFT[333]: 18.1 Reg[738]: 1.3 TOT: 19.4
[0m
[0m[ INFO] [1376697523.794396884]: [VO 342] GFT[363]: 19.2 Reg[738]: 2.2 TOT: 21.5
[0m
[0m[ INFO] [1376697523.835026024]: [VO 343] GFT[314]: 22.2 Reg[738]: 2.1 TOT: 24.5
[0m
[0m[ INFO] [1376697523.857595344]: [VO 344] GFT[314]: 14.2 Reg[738]: 1.2 TOT: 15.6
[0m
[0m[ INFO] [1376697523.890758162]: [VO 345] GFT[329]: 16.8 Reg[738]: 1.3 TOT: 18.2
[0m
[0m[ INFO] [1376697523.932310757]: [VO 346] GFT[321]: 20.1 Reg[738]: 1.9 TOT: 22.1
[0m
[0m[ INFO] [1376697523.958534502]: [VO 347] GFT[339]: 16.1 Reg[738]: 2.4 TOT: 18.6
[0m
[0m[ INFO] [1376697523.995851533]: [VO 348] GFT[379]: 21.0 Reg[739]: 2.2 TOT: 23.2
[0m
[0m[ INFO] [1376697524.024847542]: [VO 349] GFT[378]: 15.2 Reg[739]: 1.4 TOT: 16.7
[0m
[0m[ INFO] [1376697524.076409998]: [VO 350] GFT[344]: 29.9 Reg[739]: 1.5 TOT: 31.5
[0m
[0m[ INFO] [1376697524.097017502]: [VO 351] GFT[358]: 15.9 Reg[739]: 1.4 TOT: 17.5
[0m
[0m[ INFO] [1376697524.126611396]: [VO 352] GFT[342]: 16.3 Reg[739]: 1.4 TOT: 17.8
[0m
[0m[ INFO] [1376697524.168069825]: [VO 353] GFT[330]: 22.9 Reg[741]: 1.9 TOT: 24.8
[0m
[0m[ INFO] [1376697524.195846194]: [VO 354] GFT[371]: 16.5 Reg[741]: 1.8 TOT: 18.4
[0m
[0m[ INFO] [1376697524.226962022]: [VO 355] GFT[400]: 17.4 Reg[741]: 2.2 TOT: 19.8
[0m
[0m[ INFO] [1376697524.257588408]: [VO 356] GFT[327]: 14.6 Reg[741]: 1.3 TOT: 16.0
[0m
[0m[ INFO] [1376697524.293560976]: [VO 357] GFT[376]: 16.5 Reg[741]: 1.5 TOT: 18.1
[0m
[0m[ INFO] [1376697524.337990492]: [VO 358] GFT[333]: 24.6 Reg[741]: 3.2 TOT: 28.4
[0m
[0m[ INFO] [1376697524.369357324]: [VO 359] GFT[359]: 19.5 Reg[741]: 3.0 TOT: 23.1
[0m
[0m[ INFO] [1376697524.394204549]: [VO 360] GFT[312]: 15.1 Reg[741]: 1.4 TOT: 16.6
[0m
[0m[ INFO] [1376697524.429389417]: [VO 361] GFT[331]: 20.4 Reg[741]: 1.4 TOT: 21.9
[0m
[0m[ INFO] [1376697524.459873374]: [VO 362] GFT[355]: 14.1 Reg[741]: 1.4 TOT: 15.6
[0m
[0m[ INFO] [1376697524.492147722]: [VO 363] GFT[340]: 14.8 Reg[741]: 1.6 TOT: 16.6
[0m
[0m[ INFO] [1376697524.532599073]: [VO 364] GFT[375]: 21.5 Reg[741]: 2.1 TOT: 23.8
[0m
[0m[ INFO] [1376697524.564442174]: [VO 365] GFT[333]: 19.3 Reg[741]: 2.0 TOT: 21.3
[0m
[0m[ INFO] [1376697524.604492008]: [VO 366] GFT[344]: 21.2 Reg[741]: 2.1 TOT: 23.5
[0m
[0m[ INFO] [1376697524.637492258]: [VO 367] GFT[353]: 19.3 Reg[741]: 1.6 TOT: 21.1
[0m
[0m[ INFO] [1376697524.660616305]: [VO 368] GFT[379]: 15.4 Reg[741]: 1.4 TOT: 16.9
[0m
[0m[ INFO] [1376697524.695366668]: [VO 369] GFT[349]: 14.8 Reg[741]: 1.6 TOT: 16.5
[0m
[0m[ INFO] [1376697524.740233556]: [VO 370] GFT[364]: 25.2 Reg[744]: 6.6 TOT: 32.4
[0m
[0m[ INFO] [1376697524.768692322]: [VO 371] GFT[358]: 20.7 Reg[744]: 5.2 TOT: 26.1
[0m
[0m[ INFO] [1376697524.795524497]: [VO 372] GFT[358]: 17.9 Reg[746]: 1.9 TOT: 19.8
[0m
[0m[ INFO] [1376697524.830008556]: [VO 373] GFT[354]: 18.9 Reg[746]: 1.7 TOT: 20.7
[0m
[0m[ INFO] [1376697524.859615855]: [VO 374] GFT[380]: 15.1 Reg[746]: 2.2 TOT: 17.4
[0m
[0m[ INFO] [1376697524.898158946]: [VO 375] GFT[366]: 15.4 Reg[746]: 2.1 TOT: 17.6
[0m
[0m[ INFO] [1376697524.928498236]: [VO 376] GFT[352]: 17.1 Reg[746]: 2.1 TOT: 19.4
[0m
[0m[ INFO] [1376697524.959367092]: [VO 377] GFT[367]: 15.6 Reg[747]: 2.3 TOT: 18.0
[0m
[0m[ INFO] [1376697525.004337543]: [VO 378] GFT[384]: 21.4 Reg[748]: 2.2 TOT: 23.7
[0m
[0m[ INFO] [1376697525.029593153]: [VO 379] GFT[343]: 15.9 Reg[748]: 1.4 TOT: 17.4
[0m
[0m[ INFO] [1376697525.059228888]: [VO 380] GFT[383]: 15.9 Reg[748]: 2.2 TOT: 18.2
[0m
[0m[ INFO] [1376697525.099249552]: [VO 381] GFT[389]: 19.0 Reg[748]: 1.5 TOT: 20.6
[0m
[0m[ INFO] [1376697525.130258570]: [VO 382] GFT[331]: 19.7 Reg[748]: 1.8 TOT: 21.5
[0m
[0m[ INFO] [1376697525.157088286]: [VO 383] GFT[368]: 14.8 Reg[749]: 1.6 TOT: 16.6
[0m
[0m[ INFO] [1376697525.192993753]: [VO 384] GFT[337]: 15.2 Reg[749]: 1.6 TOT: 16.9
[0m
[0m[ INFO] [1376697525.234622360]: [VO 385] GFT[352]: 21.2 Reg[750]: 2.5 TOT: 23.8
[0m
[0m[ INFO] [1376697525.267995558]: [VO 386] GFT[347]: 23.0 Reg[751]: 2.3 TOT: 25.5
[0m
[0m[ INFO] [1376697525.294576725]: [VO 387] GFT[356]: 14.9 Reg[751]: 1.3 TOT: 16.4
[0m
[0m[ INFO] [1376697525.333407193]: [VO 388] GFT[353]: 20.7 Reg[751]: 2.5 TOT: 23.4
[0m
[0m[ INFO] [1376697525.365311767]: [VO 389] GFT[346]: 20.8 Reg[751]: 2.0 TOT: 23.0
[0m
[0m[ INFO] [1376697525.405409856]: [VO 390] GFT[362]: 26.6 Reg[752]: 2.6 TOT: 29.3
[0m
[0m[ INFO] [1376697525.430595585]: [VO 391] GFT[374]: 18.2 Reg[752]: 2.2 TOT: 20.5
[0m
[0m[ INFO] [1376697525.462563948]: [VO 392] GFT[330]: 17.4 Reg[753]: 2.1 TOT: 19.6
[0m
[0m[ INFO] [1376697525.496172755]: [VO 393] GFT[325]: 15.0 Reg[753]: 1.4 TOT: 16.5
[0m
[0m[ INFO] [1376697525.533183568]: [VO 394] GFT[339]: 23.8 Reg[753]: 1.6 TOT: 25.4
[0m
[0m[ INFO] [1376697525.567727025]: [VO 395] GFT[343]: 19.7 Reg[753]: 1.6 TOT: 21.4
[0m
[0m[ INFO] [1376697525.598119685]: [VO 396] GFT[370]: 17.9 Reg[753]: 2.1 TOT: 20.1
[0m
[0m[ INFO] [1376697525.637291890]: [VO 397] GFT[369]: 19.9 Reg[753]: 1.8 TOT: 21.8
[0m
[0m[ INFO] [1376697525.669925167]: [VO 398] GFT[356]: 20.5 Reg[753]: 2.8 TOT: 23.4
[0m
[0m[ INFO] [1376697525.697183364]: [VO 399] GFT[346]: 15.8 Reg[753]: 2.1 TOT: 18.8
[0m
[0m[ INFO] [1376697525.727749684]: [VO 400] GFT[362]: 18.1 Reg[753]: 2.4 TOT: 21.2
[0m
[0m[ INFO] [1376697525.766295676]: [VO 401] GFT[356]: 16.1 Reg[753]: 2.0 TOT: 18.2
[0m
[0m[ INFO] [1376697525.799486586]: [VO 402] GFT[353]: 19.6 Reg[754]: 1.9 TOT: 22.1
[0m
[0m[ INFO] [1376697525.827943782]: [VO 403] GFT[363]: 16.3 Reg[755]: 2.5 TOT: 19.0
[0m
[0m[ INFO] [1376697525.860576842]: [VO 404] GFT[368]: 14.9 Reg[756]: 1.1 TOT: 16.2
[0m
[0m[ INFO] [1376697525.893254619]: [VO 405] GFT[338]: 15.3 Reg[756]: 1.3 TOT: 16.8
[0m
[0m[ INFO] [1376697525.940180108]: [VO 406] GFT[347]: 25.7 Reg[756]: 2.1 TOT: 27.9
[0m
[0m[ INFO] [1376697525.968199425]: [VO 407] GFT[357]: 18.6 Reg[757]: 2.2 TOT: 20.8
[0m
[0m[ INFO] [1376697526.003487170]: [VO 408] GFT[326]: 21.6 Reg[757]: 2.0 TOT: 23.8
[0m
[0m[ INFO] [1376697526.027068873]: [VO 409] GFT[356]: 14.9 Reg[757]: 2.1 TOT: 17.2
[0m
[0m[ INFO] [1376697526.064442982]: [VO 410] GFT[336]: 15.3 Reg[758]: 1.2 TOT: 16.8
[0m
[0m[ INFO] [1376697526.095363409]: [VO 411] GFT[364]: 15.7 Reg[758]: 1.7 TOT: 17.5
[0m
[0m[ INFO] [1376697526.135937318]: [VO 412] GFT[366]: 24.6 Reg[759]: 2.0 TOT: 26.7
[0m
[0m[ INFO] [1376697526.170634156]: [VO 413] GFT[327]: 20.8 Reg[759]: 2.3 TOT: 23.1
[0m
[0m[ INFO] [1376697526.204137372]: [VO 414] GFT[350]: 20.2 Reg[759]: 2.0 TOT: 22.3
[0m
[0m[ INFO] [1376697526.228396273]: [VO 415] GFT[317]: 15.3 Reg[759]: 1.3 TOT: 16.8
[0m
[0m[ INFO] [1376697526.264675774]: [VO 416] GFT[344]: 14.0 Reg[760]: 1.3 TOT: 15.4
[0m
[0m[ INFO] [1376697526.293850443]: [VO 417] GFT[349]: 16.1 Reg[760]: 1.3 TOT: 17.6
[0m
[0m[ INFO] [1376697526.322931711]: [VO 418] GFT[362]: 13.9 Reg[760]: 2.1 TOT: 16.1
[0m
[0m[ INFO] [1376697526.364546574]: [VO 419] GFT[355]: 19.6 Reg[760]: 2.0 TOT: 21.8
[0m
[0m[ INFO] [1376697526.399074914]: [VO 420] GFT[351]: 20.3 Reg[760]: 1.3 TOT: 21.9
[0m
[0m[ INFO] [1376697526.429054847]: [VO 421] GFT[348]: 14.4 Reg[760]: 1.6 TOT: 16.1
[0m
[0m[ INFO] [1376697526.473658215]: [VO 422] GFT[338]: 24.2 Reg[760]: 2.3 TOT: 26.7
[0m
[0m[ INFO] [1376697526.503049181]: [VO 423] GFT[326]: 18.9 Reg[761]: 1.8 TOT: 20.9
[0m
[0m[ INFO] [1376697526.533975168]: [VO 424] GFT[363]: 20.1 Reg[761]: 1.7 TOT: 21.9
[0m
[0m[ INFO] [1376697526.567164069]: [VO 425] GFT[344]: 16.6 Reg[761]: 1.3 TOT: 18.0
[0m
[0m[ INFO] [1376697526.594936589]: [VO 426] GFT[339]: 16.0 Reg[762]: 1.3 TOT: 17.5
[0m
[0m[ INFO] [1376697526.634991423]: [VO 427] GFT[341]: 18.8 Reg[763]: 1.5 TOT: 20.4
[0m
[0m[ INFO] [1376697526.667179954]: [VO 428] GFT[362]: 21.2 Reg[763]: 1.8 TOT: 23.1
[0m
[0m[ INFO] [1376697526.694474954]: [VO 429] GFT[323]: 15.5 Reg[763]: 1.4 TOT: 17.1
[0m
[0m[ INFO] [1376697526.730563531]: [VO 430] GFT[344]: 16.4 Reg[763]: 2.1 TOT: 18.5
[0m
[0m[ INFO] [1376697526.763719002]: [VO 431] GFT[346]: 18.6 Reg[763]: 1.4 TOT: 20.2
[0m
[0m[ INFO] [1376697526.803911321]: [VO 432] GFT[330]: 21.9 Reg[763]: 1.5 TOT: 23.5
[0m
[0m[ INFO] [1376697526.836117613]: [VO 433] GFT[354]: 19.9 Reg[763]: 2.3 TOT: 22.3
[0m
[0m[ INFO] [1376697526.869794902]: [VO 434] GFT[351]: 18.2 Reg[763]: 3.2 TOT: 21.5
[0m
[0m[ INFO] [1376697526.892505659]: [VO 435] GFT[368]: 14.7 Reg[763]: 1.5 TOT: 16.5
[0m
[0m[ INFO] [1376697526.932854626]: [VO 436] GFT[360]: 16.3 Reg[764]: 1.8 TOT: 18.4
[0m
[0m[ INFO] [1376697526.959660543]: [VO 437] GFT[351]: 15.0 Reg[764]: 1.3 TOT: 16.5
[0m
[0m[ INFO] [1376697527.000031419]: [VO 438] GFT[373]: 21.1 Reg[764]: 2.2 TOT: 24.4
[0m
[0m[ INFO] [1376697527.034242455]: [VO 439] GFT[343]: 18.1 Reg[764]: 2.0 TOT: 20.5
[0m
[0m[ INFO] [1376697527.073471496]: [VO 440] GFT[338]: 18.4 Reg[764]: 3.1 TOT: 22.8
[0m
[0m[ INFO] [1376697527.104737363]: [VO 441] GFT[379]: 18.4 Reg[764]: 2.9 TOT: 21.8
[0m
[0m[ INFO] [1376697527.139431667]: [VO 442] GFT[372]: 20.5 Reg[765]: 1.7 TOT: 22.8
[0m
[0m[ INFO] [1376697527.172646406]: [VO 443] GFT[350]: 20.0 Reg[765]: 2.1 TOT: 22.2
[0m
[0m[ INFO] [1376697527.200747997]: [VO 444] GFT[355]: 17.2 Reg[766]: 1.6 TOT: 19.5
[0m
[0m[ INFO] [1376697527.230081729]: [VO 445] GFT[354]: 16.0 Reg[767]: 2.0 TOT: 18.1
[0m
[0m[ INFO] [1376697527.273324426]: [VO 446] GFT[326]: 24.2 Reg[767]: 2.1 TOT: 26.5
[0m
[0m[ INFO] [1376697527.302812569]: [VO 447] GFT[368]: 20.0 Reg[767]: 2.1 TOT: 22.3
[0m
[0m[ INFO] [1376697527.335089015]: [VO 448] GFT[378]: 20.6 Reg[767]: 1.6 TOT: 22.4
[0m
[0m[ INFO] [1376697527.367408872]: [VO 449] GFT[336]: 20.3 Reg[767]: 2.3 TOT: 22.7
[0m
[0m[ INFO] [1376697527.404957938]: [VO 450] GFT[392]: 23.6 Reg[767]: 1.8 TOT: 25.5
[0m
[0m[ INFO] [1376697527.434521297]: [VO 451] GFT[373]: 17.0 Reg[769]: 2.1 TOT: 19.3
[0m
[0m[ INFO] [1376697527.468383464]: [VO 452] GFT[343]: 19.2 Reg[769]: 1.4 TOT: 20.8
[0m
[0m[ INFO] [1376697527.510098884]: [VO 453] GFT[371]: 22.7 Reg[769]: 2.2 TOT: 25.5
[0m
[0m[ INFO] [1376697527.542807241]: [VO 454] GFT[361]: 22.5 Reg[771]: 2.4 TOT: 25.4
[0m
[0m[ INFO] [1376697527.565856372]: [VO 455] GFT[341]: 16.3 Reg[771]: 1.3 TOT: 17.7
[0m
[0m[ INFO] [1376697527.597081239]: [VO 456] GFT[368]: 15.7 Reg[771]: 2.3 TOT: 18.7
[0m
[0m[ INFO] [1376697527.635413286]: [VO 457] GFT[370]: 17.6 Reg[771]: 2.4 TOT: 20.3
[0m
[0m[ INFO] [1376697527.675479857]: [VO 458] GFT[332]: 21.8 Reg[771]: 2.5 TOT: 24.4
[0m
[0m[ INFO] [1376697527.712965998]: [VO 459] GFT[377]: 26.1 Reg[771]: 4.8 TOT: 30.9
[0m
[0m[ INFO] [1376697527.735985752]: [VO 460] GFT[363]: 20.1 Reg[772]: 2.1 TOT: 22.2
[0m
[0m[ INFO] [1376697527.766217772]: [VO 461] GFT[352]: 17.1 Reg[772]: 2.4 TOT: 19.7
[0m
[0m[ INFO] [1376697527.792862621]: [VO 462] GFT[355]: 14.0 Reg[772]: 1.6 TOT: 15.9
[0m
[0m[ INFO] [1376697527.835865787]: [VO 463] GFT[354]: 19.3 Reg[772]: 2.3 TOT: 21.7
[0m
[0m[ INFO] [1376697527.863924072]: [VO 464] GFT[342]: 15.6 Reg[774]: 1.4 TOT: 17.1
[0m
[0m[ INFO] [1376697527.894675771]: [VO 465] GFT[334]: 16.6 Reg[774]: 1.4 TOT: 18.1
[0m
[0m[ INFO] [1376697527.934871387]: [VO 466] GFT[355]: 19.2 Reg[774]: 1.5 TOT: 20.9
[0m
[0m[ INFO] [1376697527.965855693]: [VO 467] GFT[343]: 19.3 Reg[774]: 1.6 TOT: 21.0
[0m
[0m[ INFO] [1376697528.004410007]: [VO 468] GFT[354]: 22.2 Reg[774]: 1.5 TOT: 23.8
[0m
[0m[ INFO] [1376697528.036343708]: [VO 469] GFT[354]: 19.5 Reg[774]: 2.0 TOT: 21.6
[0m
[0m[ INFO] [1376697528.065495136]: [VO 470] GFT[344]: 15.9 Reg[776]: 2.1 TOT: 18.0
[0m
[0m[ INFO] [1376697528.108573044]: [VO 471] GFT[351]: 21.0 Reg[776]: 2.2 TOT: 23.3
[0m
[0m[ INFO] [1376697528.134183198]: [VO 472] GFT[400]: 18.6 Reg[776]: 1.7 TOT: 20.4
[0m
[0m[ INFO] [1376697528.169487854]: [VO 473] GFT[372]: 22.2 Reg[777]: 1.4 TOT: 23.8
[0m
[0m[ INFO] [1376697528.199019667]: [VO 474] GFT[334]: 14.8 Reg[777]: 1.4 TOT: 16.7
[0m
[0m[ INFO] [1376697528.239170423]: [VO 475] GFT[338]: 16.4 Reg[777]: 2.0 TOT: 18.8
[0m
[0m[ INFO] [1376697528.271168842]: [VO 476] GFT[344]: 18.9 Reg[777]: 2.2 TOT: 21.8
[0m
[0m[ INFO] [1376697528.306698984]: [VO 477] GFT[400]: 17.1 Reg[778]: 1.9 TOT: 19.2
[0m
[0m[ INFO] [1376697528.332532945]: [VO 478] GFT[400]: 18.7 Reg[778]: 1.4 TOT: 20.3
[0m
[0m[ INFO] [1376697528.375547955]: [VO 479] GFT[400]: 20.1 Reg[780]: 2.0 TOT: 22.3
[0m
[0m[ INFO] [1376697528.409476749]: [VO 480] GFT[400]: 24.1 Reg[781]: 2.3 TOT: 26.5
[0m
[0m[ INFO] [1376697528.436158594]: [VO 481] GFT[400]: 17.9 Reg[782]: 2.4 TOT: 20.4
[0m
[0m[ INFO] [1376697528.470523126]: [VO 482] GFT[400]: 21.6 Reg[784]: 1.8 TOT: 23.5
[0m
[0m[ INFO] [1376697528.507736638]: [VO 483] GFT[400]: 25.4 Reg[784]: 2.3 TOT: 27.9
[0m
[0m[ INFO] [1376697528.537834215]: [VO 484] GFT[400]: 19.2 Reg[785]: 2.6 TOT: 22.0
[0m
[0m[ INFO] [1376697528.564984147]: [VO 485] GFT[400]: 16.2 Reg[785]: 2.3 TOT: 18.8
[0m
[0m[ INFO] [1376697528.602979903]: [VO 486] GFT[400]: 19.3 Reg[785]: 2.3 TOT: 21.7
[0m
[0m[ INFO] [1376697528.630329621]: [VO 487] GFT[400]: 14.7 Reg[787]: 1.8 TOT: 16.6
[0m
[0m[ INFO] [1376697528.668663712]: [VO 488] GFT[400]: 20.6 Reg[787]: 2.3 TOT: 23.0
[0m
[0m[ INFO] [1376697528.711546688]: [VO 489] GFT[400]: 20.7 Reg[788]: 1.7 TOT: 22.5
[0m
[0m[ INFO] [1376697528.742803521]: [VO 490] GFT[398]: 17.2 Reg[794]: 2.0 TOT: 19.4
[0m
[0m[ INFO] [1376697528.767321317]: [VO 491] GFT[400]: 14.9 Reg[794]: 2.0 TOT: 17.0
[0m
[0m[ INFO] [1376697528.799469006]: [VO 492] GFT[400]: 16.5 Reg[794]: 1.6 TOT: 18.1
[0m
[0m[ INFO] [1376697528.832967932]: [VO 493] GFT[400]: 17.0 Reg[794]: 1.5 TOT: 18.8
[0m
[0m[ INFO] [1376697528.871302849]: [VO 494] GFT[400]: 23.3 Reg[794]: 2.6 TOT: 26.0
[0m
[0m[ INFO] [1376697528.904393142]: [VO 495] GFT[400]: 21.9 Reg[794]: 1.5 TOT: 23.6
[0m
[0m[ INFO] [1376697528.929952131]: [VO 496] GFT[400]: 15.2 Reg[794]: 1.5 TOT: 16.8
[0m
[0m[ INFO] [1376697528.963679887]: [VO 497] GFT[385]: 16.5 Reg[794]: 2.1 TOT: 18.8
[0m
[0m[ INFO] [1376697529.000845628]: [VO 498] GFT[400]: 19.8 Reg[794]: 1.4 TOT: 21.3
[0m
[0m[ INFO] [1376697529.036933300]: [VO 499] GFT[400]: 19.2 Reg[794]: 1.6 TOT: 20.9
[0m
[0m[ INFO] [1376697529.071922290]: [VO 500] GFT[400]: 17.3 Reg[794]: 1.5 TOT: 18.9
[0m
[0m[ INFO] [1376697529.101165851]: [VO 501] GFT[400]: 19.2 Reg[794]: 2.2 TOT: 21.5
[0m
[0m[ INFO] [1376697529.135518591]: [VO 502] GFT[400]: 20.4 Reg[797]: 1.5 TOT: 22.0
[0m
[0m[ INFO] [1376697529.172661112]: [VO 503] GFT[400]: 18.5 Reg[798]: 1.8 TOT: 20.5
[0m
[0m[ INFO] [1376697529.199155599]: [VO 504] GFT[395]: 15.8 Reg[798]: 2.4 TOT: 18.2
[0m
[0m[ INFO] [1376697529.233678425]: [VO 505] GFT[400]: 17.7 Reg[798]: 2.4 TOT: 20.2
[0m
[0m[ INFO] [1376697529.272038889]: [VO 506] GFT[400]: 19.3 Reg[798]: 1.6 TOT: 23.0
[0m
[0m[ INFO] [1376697529.298066400]: [VO 507] GFT[400]: 16.5 Reg[799]: 1.5 TOT: 18.1
[0m
[0m[ INFO] [1376697529.329552582]: [VO 508] GFT[400]: 15.3 Reg[799]: 1.9 TOT: 17.4
[0m
[0m[ INFO] [1376697529.370738598]: [VO 509] GFT[400]: 18.4 Reg[799]: 1.6 TOT: 20.5
[0m
[0m[ INFO] [1376697529.410897656]: [VO 510] GFT[400]: 24.5 Reg[799]: 2.5 TOT: 29.2
[0m
[0m[ INFO] [1376697529.478180897]: [VO 511] GFT[362]: 38.4 Reg[799]: 2.5 TOT: 40.9
[0m
[0m[ INFO] [1376697529.514010373]: [VO 512] GFT[400]: 32.0 Reg[801]: 2.6 TOT: 34.7
[0m
[0m[ INFO] [1376697529.547134360]: [VO 513] GFT[344]: 30.4 Reg[801]: 2.2 TOT: 32.7
[0m
[0m[ INFO] [1376697529.579339362]: [VO 514] GFT[374]: 28.2 Reg[801]: 2.4 TOT: 30.6
[0m
[0m[ INFO] [1376697529.603679122]: [VO 515] GFT[347]: 22.4 Reg[801]: 1.5 TOT: 23.9
[0m
[0m[ INFO] [1376697529.623406688]: [VO 516] GFT[353]: 15.8 Reg[801]: 2.2 TOT: 18.1
[0m
[0m[ INFO] [1376697529.643007097]: [VO 517] GFT[325]: 16.6 Reg[801]: 2.1 TOT: 19.2
[0m
[0m[ INFO] [1376697529.671632124]: [VO 518] GFT[316]: 19.7 Reg[801]: 2.6 TOT: 22.8
[0m
[0m[ INFO] [1376697529.699769070]: [VO 519] GFT[340]: 16.6 Reg[801]: 1.9 TOT: 18.6
[0m
[0m[ INFO] [1376697529.731716044]: [VO 520] GFT[342]: 16.0 Reg[801]: 1.5 TOT: 17.6
[0m
[0m[ INFO] [1376697529.766195073]: [VO 521] GFT[400]: 16.2 Reg[802]: 2.4 TOT: 18.7
[0m
[0m[ INFO] [1376697529.806262291]: [VO 522] GFT[400]: 20.4 Reg[802]: 2.6 TOT: 24.0
[0m
[0m[ INFO] [1376697529.837447099]: [VO 523] GFT[340]: 21.1 Reg[802]: 2.3 TOT: 24.0
[0m
[0m[ INFO] [1376697529.867453388]: [VO 524] GFT[323]: 15.6 Reg[802]: 1.9 TOT: 18.3
[0m
[0m[ INFO] [1376697529.904879938]: [VO 525] GFT[342]: 19.3 Reg[802]: 1.3 TOT: 20.8
[0m
[0m[ INFO] [1376697529.936781634]: [VO 526] GFT[362]: 15.8 Reg[802]: 1.7 TOT: 17.6
[0m
[0m[ INFO] [1376697529.965758062]: [VO 527] GFT[344]: 16.1 Reg[802]: 1.4 TOT: 17.6
[0m
[0m[ INFO] [1376697530.012040814]: [VO 528] GFT[400]: 16.8 Reg[804]: 2.0 TOT: 19.1
[0m
[0m[ INFO] [1376697530.035310732]: [VO 529] GFT[400]: 17.9 Reg[806]: 2.2 TOT: 20.3
[0m
[0m[ INFO] [1376697530.069508219]: [VO 530] GFT[400]: 18.8 Reg[806]: 2.5 TOT: 21.5
[0m
[0m[ INFO] [1376697530.101942648]: [VO 531] GFT[400]: 20.0 Reg[806]: 1.6 TOT: 21.8
[0m
[0m[ INFO] [1376697530.134543299]: [VO 532] GFT[400]: 19.6 Reg[807]: 3.0 TOT: 22.7
[0m
[0m[ INFO] [1376697530.178624644]: [VO 533] GFT[400]: 23.5 Reg[808]: 3.5 TOT: 27.6
[0m
[0m[ INFO] [1376697530.204642033]: [VO 534] GFT[337]: 19.2 Reg[808]: 2.2 TOT: 21.5
[0m
[0m[ INFO] [1376697530.233519694]: [VO 535] GFT[400]: 17.0 Reg[808]: 2.4 TOT: 19.6
[0m
[0m[ INFO] [1376697530.273718414]: [VO 536] GFT[400]: 23.1 Reg[808]: 2.0 TOT: 25.2
[0m
[0m[ INFO] [1376697530.305466313]: [VO 537] GFT[400]: 20.4 Reg[808]: 2.7 TOT: 23.4
[0m
[0m[ INFO] [1376697530.336361476]: [VO 538] GFT[368]: 18.3 Reg[808]: 2.2 TOT: 20.5
[0m
[0m[ INFO] [1376697530.368720428]: [VO 539] GFT[342]: 16.9 Reg[808]: 2.0 TOT: 19.0
[0m
[0m[ INFO] [1376697530.398560447]: [VO 540] GFT[367]: 15.0 Reg[808]: 1.6 TOT: 16.7
[0m
[0m[ INFO] [1376697530.437084503]: [VO 541] GFT[352]: 16.9 Reg[808]: 2.1 TOT: 19.0
[0m
[0m[ INFO] [1376697530.473411783]: [VO 542] GFT[335]: 20.2 Reg[808]: 2.1 TOT: 22.4
[0m
[0m[ INFO] [1376697530.500887998]: [VO 543] GFT[352]: 15.9 Reg[808]: 1.3 TOT: 17.4
[0m
[0m[ INFO] [1376697530.542121806]: [VO 544] GFT[400]: 23.4 Reg[809]: 2.5 TOT: 26.0
[0m
[0m[ INFO] [1376697530.574724854]: [VO 545] GFT[400]: 17.4 Reg[809]: 2.0 TOT: 19.6
[0m
[0m[ INFO] [1376697530.598451966]: [VO 546] GFT[400]: 16.1 Reg[809]: 1.6 TOT: 17.8
[0m
[0m[ INFO] [1376697530.642361196]: [VO 547] GFT[361]: 21.3 Reg[809]: 1.6 TOT: 23.1
[0m
[0m[ INFO] [1376697530.668541248]: [VO 548] GFT[400]: 15.7 Reg[809]: 1.6 TOT: 17.4
[0m
[0m[ INFO] [1376697530.698490187]: [VO 549] GFT[336]: 15.3 Reg[809]: 1.9 TOT: 17.3
[0m
[0m[ INFO] [1376697530.742871903]: [VO 550] GFT[400]: 22.0 Reg[809]: 2.5 TOT: 24.6
[0m
[0m[ INFO] [1376697530.775393511]: [VO 551] GFT[400]: 22.4 Reg[809]: 2.3 TOT: 24.9
[0m
[0m[ INFO] [1376697530.805545018]: [VO 552] GFT[400]: 18.9 Reg[809]: 2.4 TOT: 21.5
[0m
[0m[ INFO] [1376697530.840403760]: [VO 553] GFT[400]: 22.0 Reg[809]: 2.2 TOT: 24.7
[0m
[0m[ INFO] [1376697530.877173158]: [VO 554] GFT[400]: 18.8 Reg[809]: 1.8 TOT: 20.7
[0m
[0m[ INFO] [1376697530.903626066]: [VO 555] GFT[400]: 15.8 Reg[809]: 2.2 TOT: 18.1
[0m
[0m[ INFO] [1376697530.935078108]: [VO 556] GFT[352]: 17.6 Reg[809]: 1.4 TOT: 19.1
[0m
[0m[ INFO] [1376697530.970030045]: [VO 557] GFT[400]: 17.4 Reg[809]: 1.9 TOT: 19.4
[0m
[0m[ INFO] [1376697531.004674086]: [VO 558] GFT[400]: 22.1 Reg[810]: 2.3 TOT: 24.4
[0m
[0m[ INFO] [1376697531.041956994]: [VO 559] GFT[400]: 20.4 Reg[811]: 1.8 TOT: 22.3
[0m
[0m[ INFO] [1376697531.069000219]: [VO 560] GFT[400]: 16.4 Reg[811]: 1.7 TOT: 18.2
[0m
[0m[ INFO] [1376697531.099565441]: [VO 561] GFT[400]: 18.1 Reg[811]: 1.8 TOT: 20.1
[0m
[0m[ INFO] [1376697531.138945477]: [VO 562] GFT[400]: 17.0 Reg[811]: 1.5 TOT: 18.6
[0m
[0m[ INFO] [1376697531.171231659]: [VO 563] GFT[400]: 19.9 Reg[811]: 2.7 TOT: 22.7
[0m
[0m[ INFO] [1376697531.206435928]: [VO 564] GFT[400]: 22.0 Reg[811]: 2.8 TOT: 24.9
[0m
[0m[ INFO] [1376697531.240630081]: [VO 565] GFT[400]: 21.8 Reg[812]: 1.5 TOT: 23.6
[0m
[0m[ INFO] [1376697531.267957418]: [VO 566] GFT[400]: 15.8 Reg[812]: 1.7 TOT: 17.6
[0m
[0m[ INFO] [1376697531.303006688]: [VO 567] GFT[400]: 21.0 Reg[813]: 1.4 TOT: 22.6
[0m
[0m[ INFO] [1376697531.341452931]: [VO 568] GFT[400]: 22.7 Reg[813]: 2.1 TOT: 25.0
[0m
[0m[ INFO] [1376697531.379913800]: [VO 569] GFT[400]: 18.3 Reg[813]: 2.4 TOT: 21.0
[0m
[0m[ INFO] [1376697531.409358494]: [VO 570] GFT[400]: 18.7 Reg[813]: 1.7 TOT: 20.6
[0m
[0m[ INFO] [1376697531.437998812]: [VO 571] GFT[400]: 16.8 Reg[813]: 1.7 TOT: 18.6
[0m
[0m[ INFO] [1376697531.468046487]: [VO 572] GFT[400]: 18.4 Reg[813]: 1.7 TOT: 20.2
[0m
[0m[ INFO] [1376697531.501335544]: [VO 573] GFT[400]: 17.3 Reg[813]: 1.8 TOT: 19.2
[0m
[0m[ INFO] [1376697531.534867677]: [VO 574] GFT[400]: 18.4 Reg[813]: 1.5 TOT: 20.1
[0m
[0m[ INFO] [1376697531.568864789]: [VO 575] GFT[400]: 17.4 Reg[813]: 2.5 TOT: 19.9
[0m
[0m[ INFO] [1376697531.607155260]: [VO 576] GFT[400]: 20.5 Reg[814]: 2.6 TOT: 23.2
[0m
[0m[ INFO] [1376697531.642384448]: [VO 577] GFT[400]: 21.2 Reg[815]: 3.1 TOT: 24.4
[0m
[0m[ INFO] [1376697531.676029424]: [VO 578] GFT[400]: 22.0 Reg[816]: 2.6 TOT: 24.7
[0m
[0m[ INFO] [1376697531.706217175]: [VO 579] GFT[400]: 18.5 Reg[817]: 1.8 TOT: 20.8
[0m
[0m[ INFO] [1376697531.733986481]: [VO 580] GFT[400]: 16.2 Reg[817]: 1.5 TOT: 17.8
[0m
[0m[ INFO] [1376697531.775395570]: [VO 581] GFT[400]: 24.5 Reg[817]: 2.2 TOT: 26.8
[0m
[0m[ INFO] [1376697531.816800472]: [VO 582] GFT[400]: 27.8 Reg[817]: 2.3 TOT: 30.1
[0m
[0m[ INFO] [1376697531.845353553]: [VO 583] GFT[400]: 16.5 Reg[818]: 1.9 TOT: 18.4
[0m
[0m[ INFO] [1376697531.870801288]: [VO 584] GFT[400]: 16.3 Reg[819]: 1.9 TOT: 18.4
[0m
[0m[ INFO] [1376697531.904987410]: [VO 585] GFT[400]: 20.0 Reg[819]: 2.2 TOT: 22.3
[0m
[0m[ INFO] [1376697531.936480288]: [VO 586] GFT[356]: 19.0 Reg[819]: 1.5 TOT: 20.7
[0m
[0m[ INFO] [1376697531.970652379]: [VO 587] GFT[400]: 17.3 Reg[820]: 3.2 TOT: 20.6
[0m
[0m[ INFO] [1376697532.002531602]: [VO 588] GFT[400]: 15.2 Reg[820]: 1.8 TOT: 17.2
[0m
[0m[ INFO] [1376697532.033708373]: [VO 589] GFT[400]: 15.6 Reg[820]: 1.9 TOT: 17.6
[0m
[0m[ INFO] [1376697532.076265612]: [VO 590] GFT[400]: 23.6 Reg[821]: 2.6 TOT: 26.3
[0m
[0m[ INFO] [1376697532.106672813]: [VO 591] GFT[400]: 19.1 Reg[822]: 2.4 TOT: 21.6
[0m
[0m[ INFO] [1376697532.140779420]: [VO 592] GFT[400]: 20.3 Reg[822]: 2.5 TOT: 23.0
[0m
[0m[ INFO] [1376697532.173696164]: [VO 593] GFT[400]: 19.2 Reg[822]: 2.4 TOT: 21.6
[0m
[0m[ INFO] [1376697532.206435481]: [VO 594] GFT[400]: 17.5 Reg[823]: 2.4 TOT: 20.0
[0m
[0m[ INFO] [1376697532.242776487]: [VO 595] GFT[400]: 20.9 Reg[823]: 3.0 TOT: 24.0
[0m
[0m[ INFO] [1376697532.277814061]: [VO 596] GFT[400]: 22.3 Reg[823]: 2.9 TOT: 25.3
[0m
[0m[ INFO] [1376697532.303027653]: [VO 597] GFT[400]: 15.2 Reg[823]: 1.5 TOT: 16.8
[0m
[0m[ INFO] [1376697532.334527977]: [VO 598] GFT[400]: 16.3 Reg[823]: 1.9 TOT: 18.3
[0m
[0m[ INFO] [1376697532.367619483]: [VO 599] GFT[400]: 19.0 Reg[829]: 1.6 TOT: 20.7
[0m
[0m[ INFO] [1376697532.413289009]: [VO 600] GFT[400]: 25.2 Reg[829]: 3.0 TOT: 28.4
[0m
[0m[ INFO] [1376697532.440822386]: [VO 601] GFT[400]: 18.3 Reg[829]: 2.3 TOT: 20.7
[0m
[0m[ INFO] [1376697532.468623832]: [VO 602] GFT[400]: 15.5 Reg[830]: 2.4 TOT: 18.0
[0m
[0m[ INFO] [1376697532.518016101]: [VO 603] GFT[400]: 27.9 Reg[832]: 2.9 TOT: 32.1
[0m
[0m[ INFO] [1376697532.569210445]: [VO 604] GFT[400]: 19.6 Reg[834]: 1.9 TOT: 21.6
[0m
[0m[ INFO] [1376697532.617935088]: [VO 605] GFT[400]: 27.9 Reg[834]: 4.6 TOT: 33.9
[0m
[0m[ INFO] [1376697532.643904056]: [VO 606] GFT[400]: 23.3 Reg[834]: 1.9 TOT: 25.3
[0m
[0m[ INFO] [1376697532.690097701]: [VO 607] GFT[400]: 32.2 Reg[834]: 3.2 TOT: 35.5
[0m
[0m[ INFO] [1376697532.735957949]: [VO 608] GFT[400]: 33.6 Reg[835]: 4.9 TOT: 44.4
[0m
[0m[ INFO] [1376697532.768462662]: [VO 609] GFT[400]: 21.5 Reg[835]: 7.2 TOT: 30.2
[0m
[0m[ INFO] [1376697532.791653149]: [VO 610] GFT[400]: 20.5 Reg[836]: 1.7 TOT: 22.4
[0m
[0m[ INFO] [1376697532.820809894]: [VO 611] GFT[400]: 21.7 Reg[836]: 1.6 TOT: 23.4
[0m
[0m[ INFO] [1376697532.856079299]: [VO 612] GFT[400]: 25.3 Reg[836]: 2.1 TOT: 27.9
[0m
[0m[ INFO] [1376697532.888594141]: [VO 613] GFT[400]: 21.1 Reg[836]: 2.4 TOT: 23.9
[0m
[0m[ INFO] [1376697532.912901362]: [VO 614] GFT[333]: 19.2 Reg[836]: 1.7 TOT: 21.1
[0m
[0m[ INFO] [1376697532.946257285]: [VO 615] GFT[400]: 16.1 Reg[836]: 1.6 TOT: 17.8
[0m
[0m[ INFO] [1376697532.974816170]: [VO 616] GFT[400]: 19.1 Reg[836]: 2.3 TOT: 21.5
[0m
[0m[ INFO] [1376697533.011554569]: [VO 617] GFT[400]: 19.8 Reg[836]: 3.4 TOT: 23.2
[0m
[0m[ INFO] [1376697533.042307336]: [VO 618] GFT[400]: 16.1 Reg[836]: 1.7 TOT: 18.3
[0m
[0m[ INFO] [1376697533.074830770]: [VO 619] GFT[400]: 18.3 Reg[836]: 1.7 TOT: 20.1
[0m
[0m[ INFO] [1376697533.119362651]: [VO 620] GFT[400]: 19.2 Reg[836]: 1.6 TOT: 20.9
[0m
[0m[ INFO] [1376697533.149517330]: [VO 621] GFT[376]: 16.8 Reg[836]: 2.2 TOT: 19.0
[0m
[0m[ INFO] [1376697533.183352563]: [VO 622] GFT[400]: 21.8 Reg[836]: 2.0 TOT: 24.0
[0m
[0m[ INFO] [1376697533.227255595]: [VO 623] GFT[400]: 24.4 Reg[836]: 3.3 TOT: 28.1
[0m
[0m[ INFO] [1376697533.251621079]: [VO 624] GFT[400]: 20.5 Reg[836]: 2.7 TOT: 23.7
[0m
[0m[ INFO] [1376697533.284590504]: [VO 625] GFT[400]: 24.3 Reg[837]: 2.6 TOT: 27.1
[0m
[0m[ INFO] [1376697533.319770038]: [VO 626] GFT[400]: 26.2 Reg[837]: 3.3 TOT: 30.3
[0m
[0m[ INFO] [1376697533.349185729]: [VO 627] GFT[400]: 23.7 Reg[839]: 3.1 TOT: 27.4
[0m
[0m[ INFO] [1376697533.381184198]: [VO 628] GFT[400]: 24.3 Reg[839]: 2.4 TOT: 27.5
[0m
[0m[ INFO] [1376697533.410216594]: [VO 629] GFT[330]: 19.0 Reg[839]: 2.1 TOT: 21.7
[0m
[0m[ INFO] [1376697533.442659171]: [VO 630] GFT[400]: 18.8 Reg[839]: 2.2 TOT: 21.8
[0m
[0m[ INFO] [1376697533.473873169]: [VO 631] GFT[400]: 15.7 Reg[839]: 1.9 TOT: 18.5
[0m
[0m[ INFO] [1376697533.506190885]: [VO 632] GFT[400]: 19.1 Reg[839]: 2.3 TOT: 22.1
[0m
[0m[ INFO] [1376697533.532141254]: [VO 633] GFT[400]: 14.6 Reg[839]: 1.8 TOT: 16.6
[0m
[0m[ INFO] [1376697533.579858049]: [VO 634] GFT[400]: 18.9 Reg[839]: 1.6 TOT: 20.7
[0m
[0m[ INFO] [1376697533.604930208]: [VO 635] GFT[400]: 14.5 Reg[839]: 2.1 TOT: 16.7
[0m
[0m[ INFO] [1376697533.637397030]: [VO 636] GFT[400]: 18.1 Reg[839]: 1.7 TOT: 19.9
[0m
[0m[ INFO] [1376697533.678179136]: [VO 637] GFT[400]: 22.1 Reg[839]: 1.7 TOT: 24.1
[0m
[0m[ INFO] [1376697533.713143334]: [VO 638] GFT[400]: 19.2 Reg[839]: 5.2 TOT: 24.5
[0m
[0m[ INFO] [1376697533.738441457]: [VO 639] GFT[336]: 17.2 Reg[839]: 1.2 TOT: 18.6
[0m
[0m[ INFO] [1376697533.772765959]: [VO 640] GFT[400]: 18.1 Reg[840]: 2.4 TOT: 20.5
[0m
[0m[ INFO] [1376697533.804045864]: [VO 641] GFT[400]: 15.5 Reg[841]: 1.5 TOT: 17.1
[0m
[0m[ INFO] [1376697533.837290355]: [VO 642] GFT[366]: 16.7 Reg[841]: 2.3 TOT: 19.0
[0m
[0m[ INFO] [1376697533.883579321]: [VO 643] GFT[334]: 28.8 Reg[841]: 2.3 TOT: 31.3
[0m
[0m[ INFO] [1376697533.910671691]: [VO 644] GFT[400]: 17.5 Reg[842]: 2.5 TOT: 20.1
[0m
[0m[ INFO] [1376697533.943605647]: [VO 645] GFT[368]: 18.4 Reg[842]: 2.6 TOT: 21.1
[0m
[0m[ INFO] [1376697533.973399146]: [VO 646] GFT[347]: 16.7 Reg[842]: 2.2 TOT: 19.0
[0m
[0m[ INFO] [1376697534.005650877]: [VO 647] GFT[400]: 15.9 Reg[842]: 2.6 TOT: 19.1
[0m
[0m[ INFO] [1376697534.047174030]: [VO 648] GFT[400]: 20.6 Reg[842]: 2.6 TOT: 23.8
[0m
[0m[ INFO] [1376697534.072476939]: [VO 649] GFT[337]: 15.6 Reg[842]: 1.4 TOT: 17.1
[0m
[0m[ INFO] [1376697534.109375715]: [VO 650] GFT[348]: 19.5 Reg[842]: 2.1 TOT: 21.9
[0m
[0m[ INFO] [1376697534.142039077]: [VO 651] GFT[361]: 17.5 Reg[842]: 2.4 TOT: 20.1
[0m
[0m[ INFO] [1376697534.167596408]: [VO 652] GFT[378]: 15.6 Reg[842]: 1.9 TOT: 17.6
[0m
[0m[ INFO] [1376697534.205462755]: [VO 653] GFT[337]: 15.7 Reg[842]: 1.4 TOT: 17.2
[0m
[0m[ INFO] [1376697534.238904468]: [VO 654] GFT[400]: 17.4 Reg[842]: 1.7 TOT: 19.2
[0m
[0m[ INFO] [1376697534.269266378]: [VO 655] GFT[400]: 15.4 Reg[842]: 2.9 TOT: 18.4
[0m
[0m[ INFO] [1376697534.306165625]: [VO 656] GFT[400]: 15.5 Reg[842]: 2.2 TOT: 17.7
[0m
[0m[ INFO] [1376697534.339834281]: [VO 657] GFT[400]: 15.3 Reg[842]: 1.5 TOT: 16.9
[0m
[0m[ INFO] [1376697534.373911205]: [VO 658] GFT[325]: 21.5 Reg[842]: 1.4 TOT: 23.1
[0m
[0m[ INFO] [1376697534.400572040]: [VO 659] GFT[340]: 14.2 Reg[842]: 1.6 TOT: 15.9
[0m
[0m[ INFO] [1376697534.448893572]: [VO 660] GFT[366]: 22.2 Reg[843]: 1.6 TOT: 23.9
[0m
[0m[ INFO] [1376697534.474387410]: [VO 661] GFT[400]: 20.0 Reg[843]: 2.4 TOT: 22.6
[0m
[0m[ INFO] [1376697534.507276489]: [VO 662] GFT[400]: 16.8 Reg[843]: 2.3 TOT: 19.1
[0m
[0m[ INFO] [1376697534.543319236]: [VO 663] GFT[400]: 19.2 Reg[843]: 2.5 TOT: 21.9
[0m
[0m[ INFO] [1376697534.569331641]: [VO 664] GFT[400]: 15.6 Reg[845]: 2.3 TOT: 18.0
[0m
[0m[ INFO] [1376697534.601746401]: [VO 665] GFT[400]: 14.3 Reg[846]: 1.5 TOT: 15.9
[0m
[0m[ INFO] [1376697534.644883330]: [VO 666] GFT[400]: 19.1 Reg[846]: 2.4 TOT: 21.5
[0m
[0m[ INFO] [1376697534.667973221]: [VO 667] GFT[328]: 15.5 Reg[846]: 2.0 TOT: 17.5
[0m
[0m[ INFO] [1376697534.704958593]: [VO 668] GFT[346]: 16.3 Reg[846]: 2.0 TOT: 18.4
[0m
[0m[ INFO] [1376697534.745953009]: [VO 669] GFT[400]: 22.2 Reg[846]: 2.4 TOT: 24.8
[0m
[0m[ INFO] [1376697534.770475042]: [VO 670] GFT[400]: 14.8 Reg[846]: 1.4 TOT: 16.4
[0m
[0m[ INFO] [1376697534.810202221]: [VO 671] GFT[350]: 20.4 Reg[846]: 1.7 TOT: 22.3
[0m
[0m[ INFO] [1376697534.842873829]: [VO 672] GFT[327]: 20.8 Reg[846]: 1.5 TOT: 22.5
[0m
[0m[ INFO] [1376697534.868709476]: [VO 673] GFT[338]: 18.2 Reg[846]: 1.5 TOT: 19.8
[0m
[0m[ INFO] [1376697534.903271516]: [VO 674] GFT[370]: 14.7 Reg[846]: 2.4 TOT: 17.2
[0m
[0m[ INFO] [1376697534.936954729]: [VO 675] GFT[320]: 15.1 Reg[846]: 1.6 TOT: 16.8
[0m
[0m[ INFO] [1376697534.968701386]: [VO 676] GFT[347]: 15.4 Reg[846]: 2.1 TOT: 17.6
[0m
[0m[ INFO] [1376697535.023052093]: [VO 677] GFT[333]: 27.6 Reg[846]: 2.0 TOT: 29.8
[0m
[0m[ INFO] [1376697535.050346793]: [VO 678] GFT[400]: 15.7 Reg[846]: 1.7 TOT: 17.5
[0m
[0m[ INFO] [1376697535.073022730]: [VO 679] GFT[400]: 15.2 Reg[846]: 1.5 TOT: 16.8
[0m
[0m[ INFO] [1376697535.104234025]: [VO 680] GFT[329]: 17.1 Reg[846]: 1.4 TOT: 18.6
[0m
[0m[ INFO] [1376697535.144648074]: [VO 681] GFT[400]: 19.5 Reg[847]: 2.0 TOT: 21.6
[0m
[0m[ INFO] [1376697535.170930206]: [VO 682] GFT[336]: 18.3 Reg[847]: 2.0 TOT: 20.3
[0m
[0m[ INFO] [1376697535.213919125]: [VO 683] GFT[327]: 24.4 Reg[847]: 2.0 TOT: 26.5
[0m
[0m[ INFO] [1376697535.244693930]: [VO 684] GFT[400]: 16.3 Reg[847]: 2.6 TOT: 19.6
[0m
[0m[ INFO] [1376697535.272100846]: [VO 685] GFT[400]: 17.2 Reg[847]: 3.0 TOT: 21.0
[0m
[0m[ INFO] [1376697535.309799663]: [VO 686] GFT[400]: 16.2 Reg[847]: 1.8 TOT: 18.2
[0m
[0m[ INFO] [1376697535.336163782]: [VO 687] GFT[346]: 16.6 Reg[847]: 1.5 TOT: 18.1
[0m
[0m[ INFO] [1376697535.382846041]: [VO 688] GFT[328]: 28.2 Reg[847]: 2.3 TOT: 30.6
[0m
[0m[ INFO] [1376697535.412275246]: [VO 689] GFT[353]: 18.9 Reg[847]: 1.4 TOT: 20.4
[0m
[0m[ INFO] [1376697535.443729793]: [VO 690] GFT[334]: 17.2 Reg[847]: 1.8 TOT: 19.4
[0m
[0m[ INFO] [1376697535.470501733]: [VO 691] GFT[400]: 19.7 Reg[847]: 1.8 TOT: 21.6
[0m
[0m[ INFO] [1376697535.513523304]: [VO 692] GFTy_node/feature/smooth
 * /visual_odometry_node/fixed_frame
 * /visual_odometry_node/publish_tf
 * /visual_odometry_node/reg/ICPProbModel/max_assoc_dist_mah
 * /visual_odometry_node/reg/ICPProbModel/max_corresp_dist_eucl
 * /visual_odometry_node/reg/ICPProbModel/max_iterations
 * /visual_odometry_node/reg/ICPProbModel/max_model_size
 * /visual_odometry_node/reg/ICPProbModel/n_nearest_neighbors
 * /visual_odometry_node/reg/ICPProbModel/publish_model_cloud
 * /visual_odometry_node/reg/ICPProbModel/publish_model_covariances
 * /visual_odometry_node/reg/motion_constraint
 * /visual_odometry_node/reg/reg_type
 * /visual_odometry_node/verbose

NODES
  /
    visual_odometry_node (ccny_rgbd/visual_odometry_node)

[1mROS_MASTER_URI=http://localhost:11311[0m
]2;/opt/ros/groovy/share/ccny_rgbd_tools/ccny_rgbd/launch/visual_odometry.launch http://localhost:11311
core service [/rosout] found
[1mprocess[visual_odometry_node-1]: started with pid [5258][0m
[visual_odometry_node-1] killing on exit
shutting down processing monitor...
... shutting down processing monitor complete
[1mdone[0m
